<?xml version="1.0" encoding="UTF-8"?>
<testsuite xmlns:xsi="http://www.w3.org/2001/XMLSchema-instance" xsi:noNamespaceSchemaLocation="https://maven.apache.org/surefire/maven-surefire-plugin/xsd/surefire-test-report-3.0.xsd" version="3.0" name="org.acme.hercules.UserRepositoryTest" time="11.082" tests="3" errors="3" skipped="0" failures="0">
  <properties>
    <property name="java.specification.version" value="22"/>
    <property name="sun.cpu.isalist" value="amd64"/>
    <property name="test.url" value="http://localhost:8081"/>
    <property name="sun.jnu.encoding" value="Cp1252"/>
    <property name="io.quarkus.security.http.test-if-basic-auth-implicitly-required" value="true"/>
    <property name="java.class.path" value="C:\Projects\thiago-code\target\test-classes;C:\Projects\thiago-code\target\classes;C:\Users\Thiago Hercules\.m2\repository\io\quarkus\quarkus-hibernate-orm-rest-data-panache\3.12.3\quarkus-hibernate-orm-rest-data-panache-3.12.3.jar;C:\Users\Thiago Hercules\.m2\repository\io\quarkus\quarkus-rest-data-panache\3.12.3\quarkus-rest-data-panache-3.12.3.jar;C:\Users\Thiago Hercules\.m2\repository\io\quarkus\quarkus-panache-common\3.12.3\quarkus-panache-common-3.12.3.jar;C:\Users\Thiago Hercules\.m2\repository\io\quarkus\quarkus-hal\3.12.3\quarkus-hal-3.12.3.jar;C:\Users\Thiago Hercules\.m2\repository\jakarta\validation\jakarta.validation-api\3.0.2\jakarta.validation-api-3.0.2.jar;C:\Users\Thiago Hercules\.m2\repository\io\quarkus\quarkus-hibernate-orm-panache\3.12.3\quarkus-hibernate-orm-panache-3.12.3.jar;C:\Users\Thiago Hercules\.m2\repository\io\quarkus\quarkus-hibernate-orm-panache-common\3.12.3\quarkus-hibernate-orm-panache-common-3.12.3.jar;C:\Users\Thiago Hercules\.m2\repository\io\quarkus\quarkus-panache-hibernate-common\3.12.3\quarkus-panache-hibernate-common-3.12.3.jar;C:\Users\Thiago Hercules\.m2\repository\io\quarkus\quarkus-resteasy-client-jsonb\3.12.3\quarkus-resteasy-client-jsonb-3.12.3.jar;C:\Users\Thiago Hercules\.m2\repository\io\quarkus\quarkus-resteasy-client\3.12.3\quarkus-resteasy-client-3.12.3.jar;C:\Users\Thiago Hercules\.m2\repository\io\quarkus\quarkus-resteasy-common\3.12.3\quarkus-resteasy-common-3.12.3.jar;C:\Users\Thiago Hercules\.m2\repository\org\jboss\resteasy\resteasy-core\6.2.9.Final\resteasy-core-6.2.9.Final.jar;C:\Users\Thiago Hercules\.m2\repository\org\reactivestreams\reactive-streams\1.0.4\reactive-streams-1.0.4.jar;C:\Users\Thiago Hercules\.m2\repository\com\ibm\async\asyncutil\0.1.0\asyncutil-0.1.0.jar;C:\Users\Thiago Hercules\.m2\repository\org\eclipse\angus\angus-activation\2.0.2\angus-activation-2.0.2.jar;C:\Users\Thiago Hercules\.m2\repository\org\jboss\resteasy\microprofile\microprofile-config\2.1.5.Final\microprofile-config-2.1.5.Final.jar;C:\Users\Thiago Hercules\.m2\repository\jakarta\servlet\jakarta.servlet-api\6.0.0\jakarta.servlet-api-6.0.0.jar;C:\Users\Thiago Hercules\.m2\repository\org\eclipse\microprofile\config\microprofile-config-api\3.1\microprofile-config-api-3.1.jar;C:\Users\Thiago Hercules\.m2\repository\io\quarkus\quarkus-apache-httpclient\3.12.3\quarkus-apache-httpclient-3.12.3.jar;C:\Users\Thiago Hercules\.m2\repository\io\quarkus\quarkus-rest-client-config\3.12.3\quarkus-rest-client-config-3.12.3.jar;C:\Users\Thiago Hercules\.m2\repository\org\eclipse\microprofile\rest\client\microprofile-rest-client-api\3.0.1\microprofile-rest-client-api-3.0.1.jar;C:\Users\Thiago Hercules\.m2\repository\org\jboss\resteasy\microprofile\microprofile-rest-client\2.1.5.Final\microprofile-rest-client-2.1.5.Final.jar;C:\Users\Thiago Hercules\.m2\repository\org\jboss\resteasy\microprofile\microprofile-rest-client-base\2.1.5.Final\microprofile-rest-client-base-2.1.5.Final.jar;C:\Users\Thiago Hercules\.m2\repository\org\jboss\resteasy\resteasy-client\6.2.9.Final\resteasy-client-6.2.9.Final.jar;C:\Users\Thiago Hercules\.m2\repository\org\jboss\resteasy\resteasy-client-api\6.2.9.Final\resteasy-client-api-6.2.9.Final.jar;C:\Users\Thiago Hercules\.m2\repository\jakarta\interceptor\jakarta.interceptor-api\2.2.0\jakarta.interceptor-api-2.2.0.jar;C:\Users\Thiago Hercules\.m2\repository\org\apache\httpcomponents\httpasyncclient\4.1.5\httpasyncclient-4.1.5.jar;C:\Users\Thiago Hercules\.m2\repository\org\apache\httpcomponents\httpcore-nio\4.4.16\httpcore-nio-4.4.16.jar;C:\Users\Thiago Hercules\.m2\repository\org\jboss\logging\commons-logging-jboss-logging\1.0.0.Final\commons-logging-jboss-logging-1.0.0.Final.jar;C:\Users\Thiago Hercules\.m2\repository\io\quarkus\quarkus-jsonb\3.12.3\quarkus-jsonb-3.12.3.jar;C:\Users\Thiago Hercules\.m2\repository\org\eclipse\yasson\3.0.3\yasson-3.0.3.jar;C:\Users\Thiago Hercules\.m2\repository\io\quarkus\quarkus-jsonp\3.12.3\quarkus-jsonp-3.12.3.jar;C:\Users\Thiago Hercules\.m2\repository\org\jboss\resteasy\resteasy-json-binding-provider\6.2.9.Final\resteasy-json-binding-provider-6.2.9.Final.jar;C:\Users\Thiago Hercules\.m2\repository\org\eclipse\parsson\parsson\1.1.6\parsson-1.1.6.jar;C:\Users\Thiago Hercules\.m2\repository\jakarta\json\bind\jakarta.json.bind-api\3.0.1\jakarta.json.bind-api-3.0.1.jar;C:\Users\Thiago Hercules\.m2\repository\org\jboss\logging\jboss-logging\3.6.0.Final\jboss-logging-3.6.0.Final.jar;C:\Users\Thiago Hercules\.m2\repository\org\jboss\resteasy\resteasy-json-p-provider\6.2.9.Final\resteasy-json-p-provider-6.2.9.Final.jar;C:\Users\Thiago Hercules\.m2\repository\jakarta\json\jakarta.json-api\2.1.3\jakarta.json-api-2.1.3.jar;C:\Users\Thiago Hercules\.m2\repository\commons-io\commons-io\2.16.1\commons-io-2.16.1.jar;C:\Users\Thiago Hercules\.m2\repository\io\quarkus\quarkus-resteasy\3.12.3\quarkus-resteasy-3.12.3.jar;C:\Users\Thiago Hercules\.m2\repository\io\quarkus\quarkus-vertx-http\3.12.3\quarkus-vertx-http-3.12.3.jar;C:\Users\Thiago Hercules\.m2\repository\io\quarkus\quarkus-security-runtime-spi\3.12.3\quarkus-security-runtime-spi-3.12.3.jar;C:\Users\Thiago Hercules\.m2\repository\io\quarkus\quarkus-tls-registry\3.12.3\quarkus-tls-registry-3.12.3.jar;C:\Users\Thiago Hercules\.m2\repository\io\quarkus\quarkus-credentials\3.12.3\quarkus-credentials-3.12.3.jar;C:\Users\Thiago Hercules\.m2\repository\io\quarkus\quarkus-mutiny\3.12.3\quarkus-mutiny-3.12.3.jar;C:\Users\Thiago Hercules\.m2\repository\io\quarkus\quarkus-smallrye-context-propagation\3.12.3\quarkus-smallrye-context-propagation-3.12.3.jar;C:\Users\Thiago Hercules\.m2\repository\io\smallrye\smallrye-context-propagation\2.1.2\smallrye-context-propagation-2.1.2.jar;C:\Users\Thiago Hercules\.m2\repository\io\smallrye\smallrye-context-propagation-api\2.1.2\smallrye-context-propagation-api-2.1.2.jar;C:\Users\Thiago Hercules\.m2\repository\io\smallrye\smallrye-context-propagation-storage\2.1.2\smallrye-context-propagation-storage-2.1.2.jar;C:\Users\Thiago Hercules\.m2\repository\io\smallrye\reactive\mutiny-smallrye-context-propagation\2.6.0\mutiny-smallrye-context-propagation-2.6.0.jar;C:\Users\Thiago Hercules\.m2\repository\io\smallrye\common\smallrye-common-vertx-context\2.3.0\smallrye-common-vertx-context-2.3.0.jar;C:\Users\Thiago Hercules\.m2\repository\io\vertx\vertx-core\4.5.7\vertx-core-4.5.7.jar;C:\Users\Thiago Hercules\.m2\repository\io\netty\netty-common\4.1.108.Final\netty-common-4.1.108.Final.jar;C:\Users\Thiago Hercules\.m2\repository\io\netty\netty-buffer\4.1.108.Final\netty-buffer-4.1.108.Final.jar;C:\Users\Thiago Hercules\.m2\repository\io\netty\netty-transport\4.1.108.Final\netty-transport-4.1.108.Final.jar;C:\Users\Thiago Hercules\.m2\repository\io\netty\netty-handler\4.1.108.Final\netty-handler-4.1.108.Final.jar;C:\Users\Thiago Hercules\.m2\repository\io\netty\netty-transport-native-unix-common\4.1.108.Final\netty-transport-native-unix-common-4.1.108.Final.jar;C:\Users\Thiago Hercules\.m2\repository\io\netty\netty-handler-proxy\4.1.108.Final\netty-handler-proxy-4.1.108.Final.jar;C:\Users\Thiago Hercules\.m2\repository\io\netty\netty-codec-socks\4.1.108.Final\netty-codec-socks-4.1.108.Final.jar;C:\Users\Thiago Hercules\.m2\repository\io\netty\netty-codec-http\4.1.108.Final\netty-codec-http-4.1.108.Final.jar;C:\Users\Thiago Hercules\.m2\repository\io\netty\netty-codec-http2\4.1.108.Final\netty-codec-http2-4.1.108.Final.jar;C:\Users\Thiago Hercules\.m2\repository\io\netty\netty-resolver\4.1.108.Final\netty-resolver-4.1.108.Final.jar;C:\Users\Thiago Hercules\.m2\repository\io\netty\netty-resolver-dns\4.1.108.Final\netty-resolver-dns-4.1.108.Final.jar;C:\Users\Thiago Hercules\.m2\repository\io\netty\netty-codec-dns\4.1.108.Final\netty-codec-dns-4.1.108.Final.jar;C:\Users\Thiago Hercules\.m2\repository\com\fasterxml\jackson\core\jackson-core\2.17.2\jackson-core-2.17.2.jar;C:\Users\Thiago Hercules\.m2\repository\io\smallrye\common\smallrye-common-constraint\2.3.0\smallrye-common-constraint-2.3.0.jar;C:\Users\Thiago Hercules\.m2\repository\io\quarkus\security\quarkus-security\2.1.0\quarkus-security-2.1.0.jar;C:\Users\Thiago Hercules\.m2\repository\io\quarkus\quarkus-vertx\3.12.3\quarkus-vertx-3.12.3.jar;C:\Users\Thiago Hercules\.m2\repository\io\quarkus\quarkus-netty\3.12.3\quarkus-netty-3.12.3.jar;C:\Users\Thiago Hercules\.m2\repository\io\netty\netty-codec\4.1.108.Final\netty-codec-4.1.108.Final.jar;C:\Users\Thiago Hercules\.m2\repository\com\aayushatharva\brotli4j\brotli4j\1.16.0\brotli4j-1.16.0.jar;C:\Users\Thiago Hercules\.m2\repository\com\aayushatharva\brotli4j\service\1.16.0\service-1.16.0.jar;C:\Users\Thiago Hercules\.m2\repository\com\aayushatharva\brotli4j\native-windows-x86_64\1.16.0\native-windows-x86_64-1.16.0.jar;C:\Users\Thiago Hercules\.m2\repository\io\netty\netty-codec-haproxy\4.1.108.Final\netty-codec-haproxy-4.1.108.Final.jar;C:\Users\Thiago Hercules\.m2\repository\io\smallrye\common\smallrye-common-annotation\2.3.0\smallrye-common-annotation-2.3.0.jar;C:\Users\Thiago Hercules\.m2\repository\io\quarkus\quarkus-virtual-threads\3.12.3\quarkus-virtual-threads-3.12.3.jar;C:\Users\Thiago Hercules\.m2\repository\io\quarkus\quarkus-vertx-latebound-mdc-provider\3.12.3\quarkus-vertx-latebound-mdc-provider-3.12.3.jar;C:\Users\Thiago Hercules\.m2\repository\io\smallrye\reactive\smallrye-mutiny-vertx-core\3.12.0\smallrye-mutiny-vertx-core-3.12.0.jar;C:\Users\Thiago Hercules\.m2\repository\io\smallrye\reactive\smallrye-mutiny-vertx-runtime\3.12.0\smallrye-mutiny-vertx-runtime-3.12.0.jar;C:\Users\Thiago Hercules\.m2\repository\io\smallrye\reactive\vertx-mutiny-generator\3.12.0\vertx-mutiny-generator-3.12.0.jar;C:\Users\Thiago Hercules\.m2\repository\io\vertx\vertx-codegen\4.5.7\vertx-codegen-4.5.7.jar;C:\Users\Thiago Hercules\.m2\repository\io\smallrye\smallrye-fault-tolerance-vertx\6.3.0\smallrye-fault-tolerance-vertx-6.3.0.jar;C:\Users\Thiago Hercules\.m2\repository\io\smallrye\reactive\smallrye-mutiny-vertx-web\3.12.0\smallrye-mutiny-vertx-web-3.12.0.jar;C:\Users\Thiago Hercules\.m2\repository\io\smallrye\reactive\smallrye-mutiny-vertx-web-common\3.12.0\smallrye-mutiny-vertx-web-common-3.12.0.jar;C:\Users\Thiago Hercules\.m2\repository\io\smallrye\reactive\smallrye-mutiny-vertx-auth-common\3.12.0\smallrye-mutiny-vertx-auth-common-3.12.0.jar;C:\Users\Thiago Hercules\.m2\repository\io\smallrye\reactive\smallrye-mutiny-vertx-bridge-common\3.12.0\smallrye-mutiny-vertx-bridge-common-3.12.0.jar;C:\Users\Thiago Hercules\.m2\repository\io\smallrye\reactive\smallrye-mutiny-vertx-uri-template\3.12.0\smallrye-mutiny-vertx-uri-template-3.12.0.jar;C:\Users\Thiago Hercules\.m2\repository\io\vertx\vertx-uri-template\4.5.7\vertx-uri-template-4.5.7.jar;C:\Users\Thiago Hercules\.m2\repository\io\vertx\vertx-web\4.5.7\vertx-web-4.5.7.jar;C:\Users\Thiago Hercules\.m2\repository\io\vertx\vertx-web-common\4.5.7\vertx-web-common-4.5.7.jar;C:\Users\Thiago Hercules\.m2\repository\io\vertx\vertx-auth-common\4.5.7\vertx-auth-common-4.5.7.jar;C:\Users\Thiago Hercules\.m2\repository\io\vertx\vertx-bridge-common\4.5.7\vertx-bridge-common-4.5.7.jar;C:\Users\Thiago Hercules\.m2\repository\io\github\crac\org-crac\0.1.3\org-crac-0.1.3.jar;C:\Users\Thiago Hercules\.m2\repository\io\quarkus\vertx\utils\quarkus-vertx-utils\3.12.3\quarkus-vertx-utils-3.12.3.jar;C:\Users\Thiago Hercules\.m2\repository\io\quarkus\quarkus-resteasy-server-common\3.12.3\quarkus-resteasy-server-common-3.12.3.jar;C:\Users\Thiago Hercules\.m2\repository\org\jboss\resteasy\resteasy-cdi\6.2.9.Final\resteasy-cdi-6.2.9.Final.jar;C:\Users\Thiago Hercules\.m2\repository\org\jboss\resteasy\resteasy-core-spi\6.2.9.Final\resteasy-core-spi-6.2.9.Final.jar;C:\Users\Thiago Hercules\.m2\repository\io\quarkus\quarkus-jdbc-mysql\3.12.3\quarkus-jdbc-mysql-3.12.3.jar;C:\Users\Thiago Hercules\.m2\repository\com\mysql\mysql-connector-j\8.3.0\mysql-connector-j-8.3.0.jar;C:\Users\Thiago Hercules\.m2\repository\io\quarkus\quarkus-security-jpa\3.12.3\quarkus-security-jpa-3.12.3.jar;C:\Users\Thiago Hercules\.m2\repository\io\quarkus\quarkus-security-jpa-common\3.12.3\quarkus-security-jpa-common-3.12.3.jar;C:\Users\Thiago Hercules\.m2\repository\io\quarkus\quarkus-elytron-security-common\3.12.3\quarkus-elytron-security-common-3.12.3.jar;C:\Users\Thiago Hercules\.m2\repository\org\wildfly\security\wildfly-elytron-credential\2.4.2.Final\wildfly-elytron-credential-2.4.2.Final.jar;C:\Users\Thiago Hercules\.m2\repository\org\wildfly\security\wildfly-elytron-asn1\2.4.2.Final\wildfly-elytron-asn1-2.4.2.Final.jar;C:\Users\Thiago Hercules\.m2\repository\org\wildfly\security\wildfly-elytron-keystore\2.4.2.Final\wildfly-elytron-keystore-2.4.2.Final.jar;C:\Users\Thiago Hercules\.m2\repository\org\wildfly\security\wildfly-elytron-util\2.4.2.Final\wildfly-elytron-util-2.4.2.Final.jar;C:\Users\Thiago Hercules\.m2\repository\org\wildfly\security\wildfly-elytron-base\2.4.2.Final\wildfly-elytron-base-2.4.2.Final.jar;C:\Users\Thiago Hercules\.m2\repository\org\wildfly\security\wildfly-elytron-x500-cert\2.4.2.Final\wildfly-elytron-x500-cert-2.4.2.Final.jar;C:\Users\Thiago Hercules\.m2\repository\org\wildfly\security\wildfly-elytron-x500-cert-util\2.4.2.Final\wildfly-elytron-x500-cert-util-2.4.2.Final.jar;C:\Users\Thiago Hercules\.m2\repository\org\wildfly\security\wildfly-elytron-provider-util\2.4.2.Final\wildfly-elytron-provider-util-2.4.2.Final.jar;C:\Users\Thiago Hercules\.m2\repository\org\wildfly\security\wildfly-elytron-x500\2.4.2.Final\wildfly-elytron-x500-2.4.2.Final.jar;C:\Users\Thiago Hercules\.m2\repository\org\wildfly\security\wildfly-elytron-password-impl\2.4.2.Final\wildfly-elytron-password-impl-2.4.2.Final.jar;C:\Users\Thiago Hercules\.m2\repository\io\quarkus\quarkus-security\3.12.3\quarkus-security-3.12.3.jar;C:\Users\Thiago Hercules\.m2\repository\jakarta\persistence\jakarta.persistence-api\3.1.0\jakarta.persistence-api-3.1.0.jar;C:\Users\Thiago Hercules\.m2\repository\io\quarkus\quarkus-core\3.12.3\quarkus-core-3.12.3.jar;C:\Users\Thiago Hercules\.m2\repository\jakarta\annotation\jakarta.annotation-api\3.0.0\jakarta.annotation-api-3.0.0.jar;C:\Users\Thiago Hercules\.m2\repository\jakarta\enterprise\jakarta.enterprise.cdi-api\4.1.0\jakarta.enterprise.cdi-api-4.1.0.jar;C:\Users\Thiago Hercules\.m2\repository\jakarta\enterprise\jakarta.enterprise.lang-model\4.1.0\jakarta.enterprise.lang-model-4.1.0.jar;C:\Users\Thiago Hercules\.m2\repository\jakarta\inject\jakarta.inject-api\2.0.1\jakarta.inject-api-2.0.1.jar;C:\Users\Thiago Hercules\.m2\repository\io\smallrye\common\smallrye-common-os\2.3.0\smallrye-common-os-2.3.0.jar;C:\Users\Thiago Hercules\.m2\repository\io\quarkus\quarkus-ide-launcher\3.12.3\quarkus-ide-launcher-3.12.3.jar;C:\Users\Thiago Hercules\.m2\repository\io\quarkus\quarkus-development-mode-spi\3.12.3\quarkus-development-mode-spi-3.12.3.jar;C:\Users\Thiago Hercules\.m2\repository\io\smallrye\config\smallrye-config\3.8.3\smallrye-config-3.8.3.jar;C:\Users\Thiago Hercules\.m2\repository\io\smallrye\config\smallrye-config-core\3.8.3\smallrye-config-core-3.8.3.jar;C:\Users\Thiago Hercules\.m2\repository\io\smallrye\common\smallrye-common-classloader\2.3.0\smallrye-common-classloader-2.3.0.jar;C:\Users\Thiago Hercules\.m2\repository\io\smallrye\config\smallrye-config-common\3.8.3\smallrye-config-common-3.8.3.jar;C:\Users\Thiago Hercules\.m2\repository\org\jboss\logmanager\jboss-logmanager\3.0.6.Final\jboss-logmanager-3.0.6.Final.jar;C:\Users\Thiago Hercules\.m2\repository\io\smallrye\common\smallrye-common-cpu\2.3.0\smallrye-common-cpu-2.3.0.jar;C:\Users\Thiago Hercules\.m2\repository\io\smallrye\common\smallrye-common-expression\2.3.0\smallrye-common-expression-2.3.0.jar;C:\Users\Thiago Hercules\.m2\repository\io\smallrye\common\smallrye-common-function\2.3.0\smallrye-common-function-2.3.0.jar;C:\Users\Thiago Hercules\.m2\repository\io\smallrye\common\smallrye-common-net\2.3.0\smallrye-common-net-2.3.0.jar;C:\Users\Thiago Hercules\.m2\repository\io\smallrye\common\smallrye-common-ref\2.3.0\smallrye-common-ref-2.3.0.jar;C:\Users\Thiago Hercules\.m2\repository\org\jboss\logging\jboss-logging-annotations\2.2.1.Final\jboss-logging-annotations-2.2.1.Final.jar;C:\Users\Thiago Hercules\.m2\repository\org\jboss\threads\jboss-threads\3.6.1.Final\jboss-threads-3.6.1.Final.jar;C:\Users\Thiago Hercules\.m2\repository\org\slf4j\slf4j-api\2.0.6\slf4j-api-2.0.6.jar;C:\Users\Thiago Hercules\.m2\repository\org\jboss\slf4j\slf4j-jboss-logmanager\2.0.0.Final\slf4j-jboss-logmanager-2.0.0.Final.jar;C:\Users\Thiago Hercules\.m2\repository\org\wildfly\common\wildfly-common\1.7.0.Final\wildfly-common-1.7.0.Final.jar;C:\Users\Thiago Hercules\.m2\repository\io\quarkus\quarkus-bootstrap-runner\3.12.3\quarkus-bootstrap-runner-3.12.3.jar;C:\Users\Thiago Hercules\.m2\repository\io\quarkus\quarkus-fs-util\0.0.10\quarkus-fs-util-0.0.10.jar;C:\Users\Thiago Hercules\.m2\repository\io\quarkus\quarkus-hibernate-orm\3.12.3\quarkus-hibernate-orm-3.12.3.jar;C:\Users\Thiago Hercules\.m2\repository\io\quarkus\quarkus-narayana-jta\3.12.3\quarkus-narayana-jta-3.12.3.jar;C:\Users\Thiago Hercules\.m2\repository\io\quarkus\quarkus-transaction-annotations\3.12.3\quarkus-transaction-annotations-3.12.3.jar;C:\Users\Thiago Hercules\.m2\repository\io\quarkus\quarkus-datasource-common\3.12.3\quarkus-datasource-common-3.12.3.jar;C:\Users\Thiago Hercules\.m2\repository\io\smallrye\smallrye-context-propagation-jta\2.1.2\smallrye-context-propagation-jta-2.1.2.jar;C:\Users\Thiago Hercules\.m2\repository\io\smallrye\reactive\smallrye-reactive-converter-api\3.0.1\smallrye-reactive-converter-api-3.0.1.jar;C:\Users\Thiago Hercules\.m2\repository\io\smallrye\reactive\smallrye-reactive-converter-mutiny\3.0.1\smallrye-reactive-converter-mutiny-3.0.1.jar;C:\Users\Thiago Hercules\.m2\repository\io\smallrye\reactive\mutiny-zero-flow-adapters\1.1.0\mutiny-zero-flow-adapters-1.1.0.jar;C:\Users\Thiago Hercules\.m2\repository\org\jboss\narayana\jta\narayana-jta\7.0.2.Final\narayana-jta-7.0.2.Final.jar;C:\Users\Thiago Hercules\.m2\repository\jakarta\resource\jakarta.resource-api\2.1.0\jakarta.resource-api-2.1.0.jar;C:\Users\Thiago Hercules\.m2\repository\org\jboss\invocation\jboss-invocation\2.0.0.Final\jboss-invocation-2.0.0.Final.jar;C:\Users\Thiago Hercules\.m2\repository\org\eclipse\microprofile\reactive-streams-operators\microprofile-reactive-streams-operators-api\3.0\microprofile-reactive-streams-operators-api-3.0.jar;C:\Users\Thiago Hercules\.m2\repository\org\jboss\narayana\jts\narayana-jts-integration\7.0.2.Final\narayana-jts-integration-7.0.2.Final.jar;C:\Users\Thiago Hercules\.m2\repository\org\hibernate\orm\hibernate-core\6.5.2.Final\hibernate-core-6.5.2.Final.jar;C:\Users\Thiago Hercules\.m2\repository\org\antlr\antlr4-runtime\4.13.0\antlr4-runtime-4.13.0.jar;C:\Users\Thiago Hercules\.m2\repository\net\bytebuddy\byte-buddy\1.14.15\byte-buddy-1.14.15.jar;C:\Users\Thiago Hercules\.m2\repository\org\hibernate\common\hibernate-commons-annotations\6.0.6.Final\hibernate-commons-annotations-6.0.6.Final.jar;C:\Users\Thiago Hercules\.m2\repository\org\hibernate\orm\hibernate-graalvm\6.5.2.Final\hibernate-graalvm-6.5.2.Final.jar;C:\Users\Thiago Hercules\.m2\repository\org\glassfish\jaxb\jaxb-runtime\4.0.5\jaxb-runtime-4.0.5.jar;C:\Users\Thiago Hercules\.m2\repository\org\glassfish\jaxb\jaxb-core\4.0.5\jaxb-core-4.0.5.jar;C:\Users\Thiago Hercules\.m2\repository\org\glassfish\jaxb\txw2\4.0.5\txw2-4.0.5.jar;C:\Users\Thiago Hercules\.m2\repository\com\sun\istack\istack-commons-runtime\4.1.2\istack-commons-runtime-4.1.2.jar;C:\Users\Thiago Hercules\.m2\repository\jakarta\xml\bind\jakarta.xml.bind-api\4.0.2\jakarta.xml.bind-api-4.0.2.jar;C:\Users\Thiago Hercules\.m2\repository\jakarta\activation\jakarta.activation-api\2.1.3\jakarta.activation-api-2.1.3.jar;C:\Users\Thiago Hercules\.m2\repository\jakarta\transaction\jakarta.transaction-api\2.0.1\jakarta.transaction-api-2.0.1.jar;C:\Users\Thiago Hercules\.m2\repository\org\hibernate\quarkus-local-cache\0.3.0\quarkus-local-cache-0.3.0.jar;C:\Users\Thiago Hercules\.m2\repository\io\quarkus\quarkus-caffeine\3.12.3\quarkus-caffeine-3.12.3.jar;C:\Users\Thiago Hercules\.m2\repository\com\github\ben-manes\caffeine\caffeine\3.1.5\caffeine-3.1.5.jar;C:\Users\Thiago Hercules\.m2\repository\com\google\errorprone\error_prone_annotations\2.28.0\error_prone_annotations-2.28.0.jar;C:\Users\Thiago Hercules\.m2\repository\io\quarkus\quarkus-agroal\3.12.3\quarkus-agroal-3.12.3.jar;C:\Users\Thiago Hercules\.m2\repository\io\quarkus\quarkus-datasource\3.12.3\quarkus-datasource-3.12.3.jar;C:\Users\Thiago Hercules\.m2\repository\io\agroal\agroal-api\2.4\agroal-api-2.4.jar;C:\Users\Thiago Hercules\.m2\repository\io\agroal\agroal-narayana\2.4\agroal-narayana-2.4.jar;C:\Users\Thiago Hercules\.m2\repository\org\jboss\jboss-transaction-spi\8.0.0.Final\jboss-transaction-spi-8.0.0.Final.jar;C:\Users\Thiago Hercules\.m2\repository\io\agroal\agroal-pool\2.4\agroal-pool-2.4.jar;C:\Users\Thiago Hercules\.m2\repository\io\quarkus\quarkus-arc\3.12.3\quarkus-arc-3.12.3.jar;C:\Users\Thiago Hercules\.m2\repository\io\quarkus\arc\arc\3.12.3\arc-3.12.3.jar;C:\Users\Thiago Hercules\.m2\repository\io\smallrye\reactive\mutiny\2.6.0\mutiny-2.6.0.jar;C:\Users\Thiago Hercules\.m2\repository\org\jctools\jctools-core\4.0.3\jctools-core-4.0.3.jar;C:\Users\Thiago Hercules\.m2\repository\org\eclipse\microprofile\context-propagation\microprofile-context-propagation-api\1.3\microprofile-context-propagation-api-1.3.jar;C:\Users\Thiago Hercules\.m2\repository\io\quarkus\quarkus-junit5\3.12.3\quarkus-junit5-3.12.3.jar;C:\Users\Thiago Hercules\.m2\repository\io\quarkus\quarkus-bootstrap-core\3.12.3\quarkus-bootstrap-core-3.12.3.jar;C:\Users\Thiago Hercules\.m2\repository\io\quarkus\quarkus-classloader-commons\3.12.3\quarkus-classloader-commons-3.12.3.jar;C:\Users\Thiago Hercules\.m2\repository\io\quarkus\quarkus-bootstrap-app-model\3.12.3\quarkus-bootstrap-app-model-3.12.3.jar;C:\Users\Thiago Hercules\.m2\repository\io\smallrye\common\smallrye-common-io\2.3.0\smallrye-common-io-2.3.0.jar;C:\Users\Thiago Hercules\.m2\repository\org\eclipse\sisu\org.eclipse.sisu.inject\0.9.0.M3\org.eclipse.sisu.inject-0.9.0.M3.jar;C:\Users\Thiago Hercules\.m2\repository\io\quarkus\quarkus-test-common\3.12.3\quarkus-test-common-3.12.3.jar;C:\Users\Thiago Hercules\.m2\repository\io\quarkus\quarkus-core-deployment\3.12.3\quarkus-core-deployment-3.12.3.jar;C:\Users\Thiago Hercules\.m2\repository\org\aesh\readline\2.6\readline-2.6.jar;C:\Users\Thiago Hercules\.m2\repository\org\fusesource\jansi\jansi\2.4.0\jansi-2.4.0.jar;C:\Users\Thiago Hercules\.m2\repository\org\aesh\aesh\2.8.2\aesh-2.8.2.jar;C:\Users\Thiago Hercules\.m2\repository\io\quarkus\gizmo\gizmo\1.8.0\gizmo-1.8.0.jar;C:\Users\Thiago Hercules\.m2\repository\org\ow2\asm\asm-util\9.7\asm-util-9.7.jar;C:\Users\Thiago Hercules\.m2\repository\org\ow2\asm\asm-analysis\9.7\asm-analysis-9.7.jar;C:\Users\Thiago Hercules\.m2\repository\org\ow2\asm\asm\9.7\asm-9.7.jar;C:\Users\Thiago Hercules\.m2\repository\org\ow2\asm\asm-commons\9.7\asm-commons-9.7.jar;C:\Users\Thiago Hercules\.m2\repository\org\ow2\asm\asm-tree\9.7\asm-tree-9.7.jar;C:\Users\Thiago Hercules\.m2\repository\io\quarkus\quarkus-hibernate-validator-spi\3.12.3\quarkus-hibernate-validator-spi-3.12.3.jar;C:\Users\Thiago Hercules\.m2\repository\io\quarkus\quarkus-class-change-agent\3.12.3\quarkus-class-change-agent-3.12.3.jar;C:\Users\Thiago Hercules\.m2\repository\io\quarkus\quarkus-devtools-utilities\3.12.3\quarkus-devtools-utilities-3.12.3.jar;C:\Users\Thiago Hercules\.m2\repository\io\quarkus\quarkus-builder\3.12.3\quarkus-builder-3.12.3.jar;C:\Users\Thiago Hercules\.m2\repository\org\graalvm\sdk\nativeimage\23.1.2\nativeimage-23.1.2.jar;C:\Users\Thiago Hercules\.m2\repository\org\graalvm\sdk\word\23.1.2\word-23.1.2.jar;C:\Users\Thiago Hercules\.m2\repository\org\junit\platform\junit-platform-launcher\1.10.2\junit-platform-launcher-1.10.2.jar;C:\Users\Thiago Hercules\.m2\repository\io\quarkus\quarkus-bootstrap-maven-resolver\3.12.3\quarkus-bootstrap-maven-resolver-3.12.3.jar;C:\Users\Thiago Hercules\.m2\repository\io\smallrye\beanbag\smallrye-beanbag-maven\1.5.2\smallrye-beanbag-maven-1.5.2.jar;C:\Users\Thiago Hercules\.m2\repository\io\smallrye\beanbag\smallrye-beanbag-sisu\1.5.2\smallrye-beanbag-sisu-1.5.2.jar;C:\Users\Thiago Hercules\.m2\repository\io\smallrye\beanbag\smallrye-beanbag\1.5.2\smallrye-beanbag-1.5.2.jar;C:\Users\Thiago Hercules\.m2\repository\org\apache\maven\maven-artifact\3.9.8\maven-artifact-3.9.8.jar;C:\Users\Thiago Hercules\.m2\repository\org\apache\maven\maven-builder-support\3.9.8\maven-builder-support-3.9.8.jar;C:\Users\Thiago Hercules\.m2\repository\org\apache\maven\maven-model\3.9.8\maven-model-3.9.8.jar;C:\Users\Thiago Hercules\.m2\repository\org\apache\maven\maven-model-builder\3.9.8\maven-model-builder-3.9.8.jar;C:\Users\Thiago Hercules\.m2\repository\org\apache\maven\maven-repository-metadata\3.9.8\maven-repository-metadata-3.9.8.jar;C:\Users\Thiago Hercules\.m2\repository\org\apache\maven\maven-settings\3.9.8\maven-settings-3.9.8.jar;C:\Users\Thiago Hercules\.m2\repository\org\apache\maven\resolver\maven-resolver-api\1.9.20\maven-resolver-api-1.9.20.jar;C:\Users\Thiago Hercules\.m2\repository\org\apache\maven\resolver\maven-resolver-impl\1.9.20\maven-resolver-impl-1.9.20.jar;C:\Users\Thiago Hercules\.m2\repository\org\apache\maven\resolver\maven-resolver-named-locks\1.9.20\maven-resolver-named-locks-1.9.20.jar;C:\Users\Thiago Hercules\.m2\repository\org\apache\maven\resolver\maven-resolver-spi\1.9.20\maven-resolver-spi-1.9.20.jar;C:\Users\Thiago Hercules\.m2\repository\org\apache\maven\resolver\maven-resolver-util\1.9.20\maven-resolver-util-1.9.20.jar;C:\Users\Thiago Hercules\.m2\repository\org\apache\maven\resolver\maven-resolver-transport-http\1.9.20\maven-resolver-transport-http-1.9.20.jar;C:\Users\Thiago Hercules\.m2\repository\org\apache\maven\wagon\wagon-provider-api\3.5.3\wagon-provider-api-3.5.3.jar;C:\Users\Thiago Hercules\.m2\repository\org\apache\maven\wagon\wagon-http-shared\3.5.3\wagon-http-shared-3.5.3.jar;C:\Users\Thiago Hercules\.m2\repository\org\codehaus\plexus\plexus-interpolation\1.26\plexus-interpolation-1.26.jar;C:\Users\Thiago Hercules\.m2\repository\org\codehaus\plexus\plexus-utils\3.5.1\plexus-utils-3.5.1.jar;C:\Users\Thiago Hercules\.m2\repository\org\codehaus\plexus\plexus-xml\4.0.1\plexus-xml-4.0.1.jar;C:\Users\Thiago Hercules\.m2\repository\org\apache\maven\maven-xml-impl\4.0.0-alpha-5\maven-xml-impl-4.0.0-alpha-5.jar;C:\Users\Thiago Hercules\.m2\repository\org\apache\maven\maven-api-xml\4.0.0-alpha-5\maven-api-xml-4.0.0-alpha-5.jar;C:\Users\Thiago Hercules\.m2\repository\org\apache\maven\maven-api-meta\4.0.0-alpha-5\maven-api-meta-4.0.0-alpha-5.jar;C:\Users\Thiago Hercules\.m2\repository\org\codehaus\plexus\plexus-cipher\2.0\plexus-cipher-2.0.jar;C:\Users\Thiago Hercules\.m2\repository\org\codehaus\plexus\plexus-sec-dispatcher\2.0\plexus-sec-dispatcher-2.0.jar;C:\Users\Thiago Hercules\.m2\repository\org\apache\maven\maven-embedder\3.9.8\maven-embedder-3.9.8.jar;C:\Users\Thiago Hercules\.m2\repository\org\apache\maven\maven-core\3.9.8\maven-core-3.9.8.jar;C:\Users\Thiago Hercules\.m2\repository\org\codehaus\plexus\plexus-component-annotations\2.1.0\plexus-component-annotations-2.1.0.jar;C:\Users\Thiago Hercules\.m2\repository\org\apache\maven\maven-plugin-api\3.9.8\maven-plugin-api-3.9.8.jar;C:\Users\Thiago Hercules\.m2\repository\org\apache\maven\shared\maven-shared-utils\3.4.2\maven-shared-utils-3.4.2.jar;C:\Users\Thiago Hercules\.m2\repository\com\google\inject\guice\5.1.0\guice-5.1.0.jar;C:\Users\Thiago Hercules\.m2\repository\aopalliance\aopalliance\1.0\aopalliance-1.0.jar;C:\Users\Thiago Hercules\.m2\repository\com\google\guava\guava\33.2.1-jre\guava-33.2.1-jre.jar;C:\Users\Thiago Hercules\.m2\repository\com\google\guava\failureaccess\1.0.1\failureaccess-1.0.1.jar;C:\Users\Thiago Hercules\.m2\repository\javax\annotation\javax.annotation-api\1.3.2\javax.annotation-api-1.3.2.jar;C:\Users\Thiago Hercules\.m2\repository\org\codehaus\plexus\plexus-classworlds\2.6.0\plexus-classworlds-2.6.0.jar;C:\Users\Thiago Hercules\.m2\repository\commons-cli\commons-cli\1.8.0\commons-cli-1.8.0.jar;C:\Users\Thiago Hercules\.m2\repository\org\eclipse\sisu\org.eclipse.sisu.plexus\0.9.0.M3\org.eclipse.sisu.plexus-0.9.0.M3.jar;C:\Users\Thiago Hercules\.m2\repository\org\apache\maven\maven-settings-builder\3.9.8\maven-settings-builder-3.9.8.jar;C:\Users\Thiago Hercules\.m2\repository\org\apache\maven\maven-resolver-provider\3.9.8\maven-resolver-provider-3.9.8.jar;C:\Users\Thiago Hercules\.m2\repository\org\apache\maven\resolver\maven-resolver-connector-basic\1.9.20\maven-resolver-connector-basic-1.9.20.jar;C:\Users\Thiago Hercules\.m2\repository\org\apache\maven\resolver\maven-resolver-transport-wagon\1.9.20\maven-resolver-transport-wagon-1.9.20.jar;C:\Users\Thiago Hercules\.m2\repository\org\apache\maven\wagon\wagon-http\3.5.3\wagon-http-3.5.3.jar;C:\Users\Thiago Hercules\.m2\repository\org\apache\maven\wagon\wagon-file\3.5.3\wagon-file-3.5.3.jar;C:\Users\Thiago Hercules\.m2\repository\io\quarkus\quarkus-bootstrap-gradle-resolver\3.12.3\quarkus-bootstrap-gradle-resolver-3.12.3.jar;C:\Users\Thiago Hercules\.m2\repository\io\smallrye\jandex\3.2.0\jandex-3.2.0.jar;C:\Users\Thiago Hercules\.m2\repository\io\quarkus\quarkus-junit5-properties\3.12.3\quarkus-junit5-properties-3.12.3.jar;C:\Users\Thiago Hercules\.m2\repository\org\junit\jupiter\junit-jupiter\5.10.2\junit-jupiter-5.10.2.jar;C:\Users\Thiago Hercules\.m2\repository\org\junit\jupiter\junit-jupiter-api\5.10.2\junit-jupiter-api-5.10.2.jar;C:\Users\Thiago Hercules\.m2\repository\org\opentest4j\opentest4j\1.3.0\opentest4j-1.3.0.jar;C:\Users\Thiago Hercules\.m2\repository\org\junit\platform\junit-platform-commons\1.10.2\junit-platform-commons-1.10.2.jar;C:\Users\Thiago Hercules\.m2\repository\org\apiguardian\apiguardian-api\1.1.2\apiguardian-api-1.1.2.jar;C:\Users\Thiago Hercules\.m2\repository\org\junit\jupiter\junit-jupiter-params\5.10.2\junit-jupiter-params-5.10.2.jar;C:\Users\Thiago Hercules\.m2\repository\org\junit\jupiter\junit-jupiter-engine\5.10.2\junit-jupiter-engine-5.10.2.jar;C:\Users\Thiago Hercules\.m2\repository\org\junit\platform\junit-platform-engine\1.10.2\junit-platform-engine-1.10.2.jar;C:\Users\Thiago Hercules\.m2\repository\com\thoughtworks\xstream\xstream\1.4.20\xstream-1.4.20.jar;C:\Users\Thiago Hercules\.m2\repository\io\github\x-stream\mxparser\1.2.2\mxparser-1.2.2.jar;C:\Users\Thiago Hercules\.m2\repository\xmlpull\xmlpull\1.1.3.1\xmlpull-1.1.3.1.jar;C:\Users\Thiago Hercules\.m2\repository\io\rest-assured\rest-assured\5.4.0\rest-assured-5.4.0.jar;C:\Users\Thiago Hercules\.m2\repository\org\apache\groovy\groovy\4.0.16\groovy-4.0.16.jar;C:\Users\Thiago Hercules\.m2\repository\org\apache\groovy\groovy-xml\4.0.16\groovy-xml-4.0.16.jar;C:\Users\Thiago Hercules\.m2\repository\org\apache\httpcomponents\httpclient\4.5.14\httpclient-4.5.14.jar;C:\Users\Thiago Hercules\.m2\repository\org\apache\httpcomponents\httpcore\4.4.16\httpcore-4.4.16.jar;C:\Users\Thiago Hercules\.m2\repository\commons-codec\commons-codec\1.17.0\commons-codec-1.17.0.jar;C:\Users\Thiago Hercules\.m2\repository\org\apache\httpcomponents\httpmime\4.5.14\httpmime-4.5.14.jar;C:\Users\Thiago Hercules\.m2\repository\org\hamcrest\hamcrest\2.2\hamcrest-2.2.jar;C:\Users\Thiago Hercules\.m2\repository\org\ccil\cowan\tagsoup\tagsoup\1.2.1\tagsoup-1.2.1.jar;C:\Users\Thiago Hercules\.m2\repository\io\rest-assured\json-path\5.4.0\json-path-5.4.0.jar;C:\Users\Thiago Hercules\.m2\repository\org\apache\groovy\groovy-json\4.0.16\groovy-json-4.0.16.jar;C:\Users\Thiago Hercules\.m2\repository\io\rest-assured\rest-assured-common\5.4.0\rest-assured-common-5.4.0.jar;C:\Users\Thiago Hercules\.m2\repository\io\rest-assured\xml-path\5.4.0\xml-path-5.4.0.jar;C:\Users\Thiago Hercules\.m2\repository\org\apache\commons\commons-lang3\3.14.0\commons-lang3-3.14.0.jar;C:\Users\Thiago Hercules\.m2\repository\javax\inject\javax.inject\1\javax.inject-1.jar;C:\Users\Thiago Hercules\.m2\repository\io\quarkus\quarkus-hibernate-validator\3.12.3\quarkus-hibernate-validator-3.12.3.jar;C:\Users\Thiago Hercules\.m2\repository\org\hibernate\validator\hibernate-validator\8.0.1.Final\hibernate-validator-8.0.1.Final.jar;C:\Users\Thiago Hercules\.m2\repository\com\fasterxml\classmate\1.7.0\classmate-1.7.0.jar;C:\Users\Thiago Hercules\.m2\repository\org\glassfish\expressly\expressly\5.0.0\expressly-5.0.0.jar;C:\Users\Thiago Hercules\.m2\repository\jakarta\el\jakarta.el-api\5.0.1\jakarta.el-api-5.0.1.jar;C:\Users\Thiago Hercules\.m2\repository\io\smallrye\config\smallrye-config-validator\3.8.3\smallrye-config-validator-3.8.3.jar;C:\Users\Thiago Hercules\.m2\repository\jakarta\ws\rs\jakarta.ws.rs-api\3.1.0\jakarta.ws.rs-api-3.1.0.jar;"/>
    <property name="java.vm.vendor" value="Oracle Corporation"/>
    <property name="sun.arch.data.model" value="64"/>
    <property name="user.variant" value=""/>
    <property name="java.vendor.url" value="https://java.oracle.com/"/>
    <property name="user.timezone" value="America/Fortaleza"/>
    <property name="logging.initial-configurator.min-level" value="500"/>
    <property name="java.vm.specification.version" value="22"/>
    <property name="os.name" value="Windows 10"/>
    <property name="sun.java.launcher" value="SUN_STANDARD"/>
    <property name="user.country" value="BR"/>
    <property name="groovy.use.classvalue" value="false"/>
    <property name="sun.boot.library.path" value="C:\Program Files\Java\jdk-22\bin"/>
    <property name="sun.java.command" value="C:\Users\Thiago Hercules\AppData\Local\Temp\surefire13742107110045565255\surefirebooter-20240729174736937_3.jar C:\Users\Thiago Hercules\AppData\Local\Temp\surefire13742107110045565255 2024-07-29T17-47-36_621-jvmRun1 surefire-20240729174736937_1tmp surefire_0-20240729174736937_2tmp"/>
    <property name="jdk.debug" value="release"/>
    <property name="maven.home" value="C:\Users\Thiago Hercules\.m2\wrapper\dists\apache-maven-3.9.7-bin\33482774\apache-maven-3.9.7"/>
    <property name="surefire.test.class.path" value="C:\Projects\thiago-code\target\test-classes;C:\Projects\thiago-code\target\classes;C:\Users\Thiago Hercules\.m2\repository\io\quarkus\quarkus-hibernate-orm-rest-data-panache\3.12.3\quarkus-hibernate-orm-rest-data-panache-3.12.3.jar;C:\Users\Thiago Hercules\.m2\repository\io\quarkus\quarkus-rest-data-panache\3.12.3\quarkus-rest-data-panache-3.12.3.jar;C:\Users\Thiago Hercules\.m2\repository\io\quarkus\quarkus-panache-common\3.12.3\quarkus-panache-common-3.12.3.jar;C:\Users\Thiago Hercules\.m2\repository\io\quarkus\quarkus-hal\3.12.3\quarkus-hal-3.12.3.jar;C:\Users\Thiago Hercules\.m2\repository\jakarta\validation\jakarta.validation-api\3.0.2\jakarta.validation-api-3.0.2.jar;C:\Users\Thiago Hercules\.m2\repository\io\quarkus\quarkus-hibernate-orm-panache\3.12.3\quarkus-hibernate-orm-panache-3.12.3.jar;C:\Users\Thiago Hercules\.m2\repository\io\quarkus\quarkus-hibernate-orm-panache-common\3.12.3\quarkus-hibernate-orm-panache-common-3.12.3.jar;C:\Users\Thiago Hercules\.m2\repository\io\quarkus\quarkus-panache-hibernate-common\3.12.3\quarkus-panache-hibernate-common-3.12.3.jar;C:\Users\Thiago Hercules\.m2\repository\io\quarkus\quarkus-resteasy-client-jsonb\3.12.3\quarkus-resteasy-client-jsonb-3.12.3.jar;C:\Users\Thiago Hercules\.m2\repository\io\quarkus\quarkus-resteasy-client\3.12.3\quarkus-resteasy-client-3.12.3.jar;C:\Users\Thiago Hercules\.m2\repository\io\quarkus\quarkus-resteasy-common\3.12.3\quarkus-resteasy-common-3.12.3.jar;C:\Users\Thiago Hercules\.m2\repository\org\jboss\resteasy\resteasy-core\6.2.9.Final\resteasy-core-6.2.9.Final.jar;C:\Users\Thiago Hercules\.m2\repository\org\reactivestreams\reactive-streams\1.0.4\reactive-streams-1.0.4.jar;C:\Users\Thiago Hercules\.m2\repository\com\ibm\async\asyncutil\0.1.0\asyncutil-0.1.0.jar;C:\Users\Thiago Hercules\.m2\repository\org\eclipse\angus\angus-activation\2.0.2\angus-activation-2.0.2.jar;C:\Users\Thiago Hercules\.m2\repository\org\jboss\resteasy\microprofile\microprofile-config\2.1.5.Final\microprofile-config-2.1.5.Final.jar;C:\Users\Thiago Hercules\.m2\repository\jakarta\servlet\jakarta.servlet-api\6.0.0\jakarta.servlet-api-6.0.0.jar;C:\Users\Thiago Hercules\.m2\repository\org\eclipse\microprofile\config\microprofile-config-api\3.1\microprofile-config-api-3.1.jar;C:\Users\Thiago Hercules\.m2\repository\io\quarkus\quarkus-apache-httpclient\3.12.3\quarkus-apache-httpclient-3.12.3.jar;C:\Users\Thiago Hercules\.m2\repository\io\quarkus\quarkus-rest-client-config\3.12.3\quarkus-rest-client-config-3.12.3.jar;C:\Users\Thiago Hercules\.m2\repository\org\eclipse\microprofile\rest\client\microprofile-rest-client-api\3.0.1\microprofile-rest-client-api-3.0.1.jar;C:\Users\Thiago Hercules\.m2\repository\org\jboss\resteasy\microprofile\microprofile-rest-client\2.1.5.Final\microprofile-rest-client-2.1.5.Final.jar;C:\Users\Thiago Hercules\.m2\repository\org\jboss\resteasy\microprofile\microprofile-rest-client-base\2.1.5.Final\microprofile-rest-client-base-2.1.5.Final.jar;C:\Users\Thiago Hercules\.m2\repository\org\jboss\resteasy\resteasy-client\6.2.9.Final\resteasy-client-6.2.9.Final.jar;C:\Users\Thiago Hercules\.m2\repository\org\jboss\resteasy\resteasy-client-api\6.2.9.Final\resteasy-client-api-6.2.9.Final.jar;C:\Users\Thiago Hercules\.m2\repository\jakarta\interceptor\jakarta.interceptor-api\2.2.0\jakarta.interceptor-api-2.2.0.jar;C:\Users\Thiago Hercules\.m2\repository\org\apache\httpcomponents\httpasyncclient\4.1.5\httpasyncclient-4.1.5.jar;C:\Users\Thiago Hercules\.m2\repository\org\apache\httpcomponents\httpcore-nio\4.4.16\httpcore-nio-4.4.16.jar;C:\Users\Thiago Hercules\.m2\repository\org\jboss\logging\commons-logging-jboss-logging\1.0.0.Final\commons-logging-jboss-logging-1.0.0.Final.jar;C:\Users\Thiago Hercules\.m2\repository\io\quarkus\quarkus-jsonb\3.12.3\quarkus-jsonb-3.12.3.jar;C:\Users\Thiago Hercules\.m2\repository\org\eclipse\yasson\3.0.3\yasson-3.0.3.jar;C:\Users\Thiago Hercules\.m2\repository\io\quarkus\quarkus-jsonp\3.12.3\quarkus-jsonp-3.12.3.jar;C:\Users\Thiago Hercules\.m2\repository\org\jboss\resteasy\resteasy-json-binding-provider\6.2.9.Final\resteasy-json-binding-provider-6.2.9.Final.jar;C:\Users\Thiago Hercules\.m2\repository\org\eclipse\parsson\parsson\1.1.6\parsson-1.1.6.jar;C:\Users\Thiago Hercules\.m2\repository\jakarta\json\bind\jakarta.json.bind-api\3.0.1\jakarta.json.bind-api-3.0.1.jar;C:\Users\Thiago Hercules\.m2\repository\org\jboss\logging\jboss-logging\3.6.0.Final\jboss-logging-3.6.0.Final.jar;C:\Users\Thiago Hercules\.m2\repository\org\jboss\resteasy\resteasy-json-p-provider\6.2.9.Final\resteasy-json-p-provider-6.2.9.Final.jar;C:\Users\Thiago Hercules\.m2\repository\jakarta\json\jakarta.json-api\2.1.3\jakarta.json-api-2.1.3.jar;C:\Users\Thiago Hercules\.m2\repository\commons-io\commons-io\2.16.1\commons-io-2.16.1.jar;C:\Users\Thiago Hercules\.m2\repository\io\quarkus\quarkus-resteasy\3.12.3\quarkus-resteasy-3.12.3.jar;C:\Users\Thiago Hercules\.m2\repository\io\quarkus\quarkus-vertx-http\3.12.3\quarkus-vertx-http-3.12.3.jar;C:\Users\Thiago Hercules\.m2\repository\io\quarkus\quarkus-security-runtime-spi\3.12.3\quarkus-security-runtime-spi-3.12.3.jar;C:\Users\Thiago Hercules\.m2\repository\io\quarkus\quarkus-tls-registry\3.12.3\quarkus-tls-registry-3.12.3.jar;C:\Users\Thiago Hercules\.m2\repository\io\quarkus\quarkus-credentials\3.12.3\quarkus-credentials-3.12.3.jar;C:\Users\Thiago Hercules\.m2\repository\io\quarkus\quarkus-mutiny\3.12.3\quarkus-mutiny-3.12.3.jar;C:\Users\Thiago Hercules\.m2\repository\io\quarkus\quarkus-smallrye-context-propagation\3.12.3\quarkus-smallrye-context-propagation-3.12.3.jar;C:\Users\Thiago Hercules\.m2\repository\io\smallrye\smallrye-context-propagation\2.1.2\smallrye-context-propagation-2.1.2.jar;C:\Users\Thiago Hercules\.m2\repository\io\smallrye\smallrye-context-propagation-api\2.1.2\smallrye-context-propagation-api-2.1.2.jar;C:\Users\Thiago Hercules\.m2\repository\io\smallrye\smallrye-context-propagation-storage\2.1.2\smallrye-context-propagation-storage-2.1.2.jar;C:\Users\Thiago Hercules\.m2\repository\io\smallrye\reactive\mutiny-smallrye-context-propagation\2.6.0\mutiny-smallrye-context-propagation-2.6.0.jar;C:\Users\Thiago Hercules\.m2\repository\io\smallrye\common\smallrye-common-vertx-context\2.3.0\smallrye-common-vertx-context-2.3.0.jar;C:\Users\Thiago Hercules\.m2\repository\io\vertx\vertx-core\4.5.7\vertx-core-4.5.7.jar;C:\Users\Thiago Hercules\.m2\repository\io\netty\netty-common\4.1.108.Final\netty-common-4.1.108.Final.jar;C:\Users\Thiago Hercules\.m2\repository\io\netty\netty-buffer\4.1.108.Final\netty-buffer-4.1.108.Final.jar;C:\Users\Thiago Hercules\.m2\repository\io\netty\netty-transport\4.1.108.Final\netty-transport-4.1.108.Final.jar;C:\Users\Thiago Hercules\.m2\repository\io\netty\netty-handler\4.1.108.Final\netty-handler-4.1.108.Final.jar;C:\Users\Thiago Hercules\.m2\repository\io\netty\netty-transport-native-unix-common\4.1.108.Final\netty-transport-native-unix-common-4.1.108.Final.jar;C:\Users\Thiago Hercules\.m2\repository\io\netty\netty-handler-proxy\4.1.108.Final\netty-handler-proxy-4.1.108.Final.jar;C:\Users\Thiago Hercules\.m2\repository\io\netty\netty-codec-socks\4.1.108.Final\netty-codec-socks-4.1.108.Final.jar;C:\Users\Thiago Hercules\.m2\repository\io\netty\netty-codec-http\4.1.108.Final\netty-codec-http-4.1.108.Final.jar;C:\Users\Thiago Hercules\.m2\repository\io\netty\netty-codec-http2\4.1.108.Final\netty-codec-http2-4.1.108.Final.jar;C:\Users\Thiago Hercules\.m2\repository\io\netty\netty-resolver\4.1.108.Final\netty-resolver-4.1.108.Final.jar;C:\Users\Thiago Hercules\.m2\repository\io\netty\netty-resolver-dns\4.1.108.Final\netty-resolver-dns-4.1.108.Final.jar;C:\Users\Thiago Hercules\.m2\repository\io\netty\netty-codec-dns\4.1.108.Final\netty-codec-dns-4.1.108.Final.jar;C:\Users\Thiago Hercules\.m2\repository\com\fasterxml\jackson\core\jackson-core\2.17.2\jackson-core-2.17.2.jar;C:\Users\Thiago Hercules\.m2\repository\io\smallrye\common\smallrye-common-constraint\2.3.0\smallrye-common-constraint-2.3.0.jar;C:\Users\Thiago Hercules\.m2\repository\io\quarkus\security\quarkus-security\2.1.0\quarkus-security-2.1.0.jar;C:\Users\Thiago Hercules\.m2\repository\io\quarkus\quarkus-vertx\3.12.3\quarkus-vertx-3.12.3.jar;C:\Users\Thiago Hercules\.m2\repository\io\quarkus\quarkus-netty\3.12.3\quarkus-netty-3.12.3.jar;C:\Users\Thiago Hercules\.m2\repository\io\netty\netty-codec\4.1.108.Final\netty-codec-4.1.108.Final.jar;C:\Users\Thiago Hercules\.m2\repository\com\aayushatharva\brotli4j\brotli4j\1.16.0\brotli4j-1.16.0.jar;C:\Users\Thiago Hercules\.m2\repository\com\aayushatharva\brotli4j\service\1.16.0\service-1.16.0.jar;C:\Users\Thiago Hercules\.m2\repository\com\aayushatharva\brotli4j\native-windows-x86_64\1.16.0\native-windows-x86_64-1.16.0.jar;C:\Users\Thiago Hercules\.m2\repository\io\netty\netty-codec-haproxy\4.1.108.Final\netty-codec-haproxy-4.1.108.Final.jar;C:\Users\Thiago Hercules\.m2\repository\io\smallrye\common\smallrye-common-annotation\2.3.0\smallrye-common-annotation-2.3.0.jar;C:\Users\Thiago Hercules\.m2\repository\io\quarkus\quarkus-virtual-threads\3.12.3\quarkus-virtual-threads-3.12.3.jar;C:\Users\Thiago Hercules\.m2\repository\io\quarkus\quarkus-vertx-latebound-mdc-provider\3.12.3\quarkus-vertx-latebound-mdc-provider-3.12.3.jar;C:\Users\Thiago Hercules\.m2\repository\io\smallrye\reactive\smallrye-mutiny-vertx-core\3.12.0\smallrye-mutiny-vertx-core-3.12.0.jar;C:\Users\Thiago Hercules\.m2\repository\io\smallrye\reactive\smallrye-mutiny-vertx-runtime\3.12.0\smallrye-mutiny-vertx-runtime-3.12.0.jar;C:\Users\Thiago Hercules\.m2\repository\io\smallrye\reactive\vertx-mutiny-generator\3.12.0\vertx-mutiny-generator-3.12.0.jar;C:\Users\Thiago Hercules\.m2\repository\io\vertx\vertx-codegen\4.5.7\vertx-codegen-4.5.7.jar;C:\Users\Thiago Hercules\.m2\repository\io\smallrye\smallrye-fault-tolerance-vertx\6.3.0\smallrye-fault-tolerance-vertx-6.3.0.jar;C:\Users\Thiago Hercules\.m2\repository\io\smallrye\reactive\smallrye-mutiny-vertx-web\3.12.0\smallrye-mutiny-vertx-web-3.12.0.jar;C:\Users\Thiago Hercules\.m2\repository\io\smallrye\reactive\smallrye-mutiny-vertx-web-common\3.12.0\smallrye-mutiny-vertx-web-common-3.12.0.jar;C:\Users\Thiago Hercules\.m2\repository\io\smallrye\reactive\smallrye-mutiny-vertx-auth-common\3.12.0\smallrye-mutiny-vertx-auth-common-3.12.0.jar;C:\Users\Thiago Hercules\.m2\repository\io\smallrye\reactive\smallrye-mutiny-vertx-bridge-common\3.12.0\smallrye-mutiny-vertx-bridge-common-3.12.0.jar;C:\Users\Thiago Hercules\.m2\repository\io\smallrye\reactive\smallrye-mutiny-vertx-uri-template\3.12.0\smallrye-mutiny-vertx-uri-template-3.12.0.jar;C:\Users\Thiago Hercules\.m2\repository\io\vertx\vertx-uri-template\4.5.7\vertx-uri-template-4.5.7.jar;C:\Users\Thiago Hercules\.m2\repository\io\vertx\vertx-web\4.5.7\vertx-web-4.5.7.jar;C:\Users\Thiago Hercules\.m2\repository\io\vertx\vertx-web-common\4.5.7\vertx-web-common-4.5.7.jar;C:\Users\Thiago Hercules\.m2\repository\io\vertx\vertx-auth-common\4.5.7\vertx-auth-common-4.5.7.jar;C:\Users\Thiago Hercules\.m2\repository\io\vertx\vertx-bridge-common\4.5.7\vertx-bridge-common-4.5.7.jar;C:\Users\Thiago Hercules\.m2\repository\io\github\crac\org-crac\0.1.3\org-crac-0.1.3.jar;C:\Users\Thiago Hercules\.m2\repository\io\quarkus\vertx\utils\quarkus-vertx-utils\3.12.3\quarkus-vertx-utils-3.12.3.jar;C:\Users\Thiago Hercules\.m2\repository\io\quarkus\quarkus-resteasy-server-common\3.12.3\quarkus-resteasy-server-common-3.12.3.jar;C:\Users\Thiago Hercules\.m2\repository\org\jboss\resteasy\resteasy-cdi\6.2.9.Final\resteasy-cdi-6.2.9.Final.jar;C:\Users\Thiago Hercules\.m2\repository\org\jboss\resteasy\resteasy-core-spi\6.2.9.Final\resteasy-core-spi-6.2.9.Final.jar;C:\Users\Thiago Hercules\.m2\repository\io\quarkus\quarkus-jdbc-mysql\3.12.3\quarkus-jdbc-mysql-3.12.3.jar;C:\Users\Thiago Hercules\.m2\repository\com\mysql\mysql-connector-j\8.3.0\mysql-connector-j-8.3.0.jar;C:\Users\Thiago Hercules\.m2\repository\io\quarkus\quarkus-security-jpa\3.12.3\quarkus-security-jpa-3.12.3.jar;C:\Users\Thiago Hercules\.m2\repository\io\quarkus\quarkus-security-jpa-common\3.12.3\quarkus-security-jpa-common-3.12.3.jar;C:\Users\Thiago Hercules\.m2\repository\io\quarkus\quarkus-elytron-security-common\3.12.3\quarkus-elytron-security-common-3.12.3.jar;C:\Users\Thiago Hercules\.m2\repository\org\wildfly\security\wildfly-elytron-credential\2.4.2.Final\wildfly-elytron-credential-2.4.2.Final.jar;C:\Users\Thiago Hercules\.m2\repository\org\wildfly\security\wildfly-elytron-asn1\2.4.2.Final\wildfly-elytron-asn1-2.4.2.Final.jar;C:\Users\Thiago Hercules\.m2\repository\org\wildfly\security\wildfly-elytron-keystore\2.4.2.Final\wildfly-elytron-keystore-2.4.2.Final.jar;C:\Users\Thiago Hercules\.m2\repository\org\wildfly\security\wildfly-elytron-util\2.4.2.Final\wildfly-elytron-util-2.4.2.Final.jar;C:\Users\Thiago Hercules\.m2\repository\org\wildfly\security\wildfly-elytron-base\2.4.2.Final\wildfly-elytron-base-2.4.2.Final.jar;C:\Users\Thiago Hercules\.m2\repository\org\wildfly\security\wildfly-elytron-x500-cert\2.4.2.Final\wildfly-elytron-x500-cert-2.4.2.Final.jar;C:\Users\Thiago Hercules\.m2\repository\org\wildfly\security\wildfly-elytron-x500-cert-util\2.4.2.Final\wildfly-elytron-x500-cert-util-2.4.2.Final.jar;C:\Users\Thiago Hercules\.m2\repository\org\wildfly\security\wildfly-elytron-provider-util\2.4.2.Final\wildfly-elytron-provider-util-2.4.2.Final.jar;C:\Users\Thiago Hercules\.m2\repository\org\wildfly\security\wildfly-elytron-x500\2.4.2.Final\wildfly-elytron-x500-2.4.2.Final.jar;C:\Users\Thiago Hercules\.m2\repository\org\wildfly\security\wildfly-elytron-password-impl\2.4.2.Final\wildfly-elytron-password-impl-2.4.2.Final.jar;C:\Users\Thiago Hercules\.m2\repository\io\quarkus\quarkus-security\3.12.3\quarkus-security-3.12.3.jar;C:\Users\Thiago Hercules\.m2\repository\jakarta\persistence\jakarta.persistence-api\3.1.0\jakarta.persistence-api-3.1.0.jar;C:\Users\Thiago Hercules\.m2\repository\io\quarkus\quarkus-core\3.12.3\quarkus-core-3.12.3.jar;C:\Users\Thiago Hercules\.m2\repository\jakarta\annotation\jakarta.annotation-api\3.0.0\jakarta.annotation-api-3.0.0.jar;C:\Users\Thiago Hercules\.m2\repository\jakarta\enterprise\jakarta.enterprise.cdi-api\4.1.0\jakarta.enterprise.cdi-api-4.1.0.jar;C:\Users\Thiago Hercules\.m2\repository\jakarta\enterprise\jakarta.enterprise.lang-model\4.1.0\jakarta.enterprise.lang-model-4.1.0.jar;C:\Users\Thiago Hercules\.m2\repository\jakarta\inject\jakarta.inject-api\2.0.1\jakarta.inject-api-2.0.1.jar;C:\Users\Thiago Hercules\.m2\repository\io\smallrye\common\smallrye-common-os\2.3.0\smallrye-common-os-2.3.0.jar;C:\Users\Thiago Hercules\.m2\repository\io\quarkus\quarkus-ide-launcher\3.12.3\quarkus-ide-launcher-3.12.3.jar;C:\Users\Thiago Hercules\.m2\repository\io\quarkus\quarkus-development-mode-spi\3.12.3\quarkus-development-mode-spi-3.12.3.jar;C:\Users\Thiago Hercules\.m2\repository\io\smallrye\config\smallrye-config\3.8.3\smallrye-config-3.8.3.jar;C:\Users\Thiago Hercules\.m2\repository\io\smallrye\config\smallrye-config-core\3.8.3\smallrye-config-core-3.8.3.jar;C:\Users\Thiago Hercules\.m2\repository\io\smallrye\common\smallrye-common-classloader\2.3.0\smallrye-common-classloader-2.3.0.jar;C:\Users\Thiago Hercules\.m2\repository\io\smallrye\config\smallrye-config-common\3.8.3\smallrye-config-common-3.8.3.jar;C:\Users\Thiago Hercules\.m2\repository\org\jboss\logmanager\jboss-logmanager\3.0.6.Final\jboss-logmanager-3.0.6.Final.jar;C:\Users\Thiago Hercules\.m2\repository\io\smallrye\common\smallrye-common-cpu\2.3.0\smallrye-common-cpu-2.3.0.jar;C:\Users\Thiago Hercules\.m2\repository\io\smallrye\common\smallrye-common-expression\2.3.0\smallrye-common-expression-2.3.0.jar;C:\Users\Thiago Hercules\.m2\repository\io\smallrye\common\smallrye-common-function\2.3.0\smallrye-common-function-2.3.0.jar;C:\Users\Thiago Hercules\.m2\repository\io\smallrye\common\smallrye-common-net\2.3.0\smallrye-common-net-2.3.0.jar;C:\Users\Thiago Hercules\.m2\repository\io\smallrye\common\smallrye-common-ref\2.3.0\smallrye-common-ref-2.3.0.jar;C:\Users\Thiago Hercules\.m2\repository\org\jboss\logging\jboss-logging-annotations\2.2.1.Final\jboss-logging-annotations-2.2.1.Final.jar;C:\Users\Thiago Hercules\.m2\repository\org\jboss\threads\jboss-threads\3.6.1.Final\jboss-threads-3.6.1.Final.jar;C:\Users\Thiago Hercules\.m2\repository\org\slf4j\slf4j-api\2.0.6\slf4j-api-2.0.6.jar;C:\Users\Thiago Hercules\.m2\repository\org\jboss\slf4j\slf4j-jboss-logmanager\2.0.0.Final\slf4j-jboss-logmanager-2.0.0.Final.jar;C:\Users\Thiago Hercules\.m2\repository\org\wildfly\common\wildfly-common\1.7.0.Final\wildfly-common-1.7.0.Final.jar;C:\Users\Thiago Hercules\.m2\repository\io\quarkus\quarkus-bootstrap-runner\3.12.3\quarkus-bootstrap-runner-3.12.3.jar;C:\Users\Thiago Hercules\.m2\repository\io\quarkus\quarkus-fs-util\0.0.10\quarkus-fs-util-0.0.10.jar;C:\Users\Thiago Hercules\.m2\repository\io\quarkus\quarkus-hibernate-orm\3.12.3\quarkus-hibernate-orm-3.12.3.jar;C:\Users\Thiago Hercules\.m2\repository\io\quarkus\quarkus-narayana-jta\3.12.3\quarkus-narayana-jta-3.12.3.jar;C:\Users\Thiago Hercules\.m2\repository\io\quarkus\quarkus-transaction-annotations\3.12.3\quarkus-transaction-annotations-3.12.3.jar;C:\Users\Thiago Hercules\.m2\repository\io\quarkus\quarkus-datasource-common\3.12.3\quarkus-datasource-common-3.12.3.jar;C:\Users\Thiago Hercules\.m2\repository\io\smallrye\smallrye-context-propagation-jta\2.1.2\smallrye-context-propagation-jta-2.1.2.jar;C:\Users\Thiago Hercules\.m2\repository\io\smallrye\reactive\smallrye-reactive-converter-api\3.0.1\smallrye-reactive-converter-api-3.0.1.jar;C:\Users\Thiago Hercules\.m2\repository\io\smallrye\reactive\smallrye-reactive-converter-mutiny\3.0.1\smallrye-reactive-converter-mutiny-3.0.1.jar;C:\Users\Thiago Hercules\.m2\repository\io\smallrye\reactive\mutiny-zero-flow-adapters\1.1.0\mutiny-zero-flow-adapters-1.1.0.jar;C:\Users\Thiago Hercules\.m2\repository\org\jboss\narayana\jta\narayana-jta\7.0.2.Final\narayana-jta-7.0.2.Final.jar;C:\Users\Thiago Hercules\.m2\repository\jakarta\resource\jakarta.resource-api\2.1.0\jakarta.resource-api-2.1.0.jar;C:\Users\Thiago Hercules\.m2\repository\org\jboss\invocation\jboss-invocation\2.0.0.Final\jboss-invocation-2.0.0.Final.jar;C:\Users\Thiago Hercules\.m2\repository\org\eclipse\microprofile\reactive-streams-operators\microprofile-reactive-streams-operators-api\3.0\microprofile-reactive-streams-operators-api-3.0.jar;C:\Users\Thiago Hercules\.m2\repository\org\jboss\narayana\jts\narayana-jts-integration\7.0.2.Final\narayana-jts-integration-7.0.2.Final.jar;C:\Users\Thiago Hercules\.m2\repository\org\hibernate\orm\hibernate-core\6.5.2.Final\hibernate-core-6.5.2.Final.jar;C:\Users\Thiago Hercules\.m2\repository\org\antlr\antlr4-runtime\4.13.0\antlr4-runtime-4.13.0.jar;C:\Users\Thiago Hercules\.m2\repository\net\bytebuddy\byte-buddy\1.14.15\byte-buddy-1.14.15.jar;C:\Users\Thiago Hercules\.m2\repository\org\hibernate\common\hibernate-commons-annotations\6.0.6.Final\hibernate-commons-annotations-6.0.6.Final.jar;C:\Users\Thiago Hercules\.m2\repository\org\hibernate\orm\hibernate-graalvm\6.5.2.Final\hibernate-graalvm-6.5.2.Final.jar;C:\Users\Thiago Hercules\.m2\repository\org\glassfish\jaxb\jaxb-runtime\4.0.5\jaxb-runtime-4.0.5.jar;C:\Users\Thiago Hercules\.m2\repository\org\glassfish\jaxb\jaxb-core\4.0.5\jaxb-core-4.0.5.jar;C:\Users\Thiago Hercules\.m2\repository\org\glassfish\jaxb\txw2\4.0.5\txw2-4.0.5.jar;C:\Users\Thiago Hercules\.m2\repository\com\sun\istack\istack-commons-runtime\4.1.2\istack-commons-runtime-4.1.2.jar;C:\Users\Thiago Hercules\.m2\repository\jakarta\xml\bind\jakarta.xml.bind-api\4.0.2\jakarta.xml.bind-api-4.0.2.jar;C:\Users\Thiago Hercules\.m2\repository\jakarta\activation\jakarta.activation-api\2.1.3\jakarta.activation-api-2.1.3.jar;C:\Users\Thiago Hercules\.m2\repository\jakarta\transaction\jakarta.transaction-api\2.0.1\jakarta.transaction-api-2.0.1.jar;C:\Users\Thiago Hercules\.m2\repository\org\hibernate\quarkus-local-cache\0.3.0\quarkus-local-cache-0.3.0.jar;C:\Users\Thiago Hercules\.m2\repository\io\quarkus\quarkus-caffeine\3.12.3\quarkus-caffeine-3.12.3.jar;C:\Users\Thiago Hercules\.m2\repository\com\github\ben-manes\caffeine\caffeine\3.1.5\caffeine-3.1.5.jar;C:\Users\Thiago Hercules\.m2\repository\com\google\errorprone\error_prone_annotations\2.28.0\error_prone_annotations-2.28.0.jar;C:\Users\Thiago Hercules\.m2\repository\io\quarkus\quarkus-agroal\3.12.3\quarkus-agroal-3.12.3.jar;C:\Users\Thiago Hercules\.m2\repository\io\quarkus\quarkus-datasource\3.12.3\quarkus-datasource-3.12.3.jar;C:\Users\Thiago Hercules\.m2\repository\io\agroal\agroal-api\2.4\agroal-api-2.4.jar;C:\Users\Thiago Hercules\.m2\repository\io\agroal\agroal-narayana\2.4\agroal-narayana-2.4.jar;C:\Users\Thiago Hercules\.m2\repository\org\jboss\jboss-transaction-spi\8.0.0.Final\jboss-transaction-spi-8.0.0.Final.jar;C:\Users\Thiago Hercules\.m2\repository\io\agroal\agroal-pool\2.4\agroal-pool-2.4.jar;C:\Users\Thiago Hercules\.m2\repository\io\quarkus\quarkus-arc\3.12.3\quarkus-arc-3.12.3.jar;C:\Users\Thiago Hercules\.m2\repository\io\quarkus\arc\arc\3.12.3\arc-3.12.3.jar;C:\Users\Thiago Hercules\.m2\repository\io\smallrye\reactive\mutiny\2.6.0\mutiny-2.6.0.jar;C:\Users\Thiago Hercules\.m2\repository\org\jctools\jctools-core\4.0.3\jctools-core-4.0.3.jar;C:\Users\Thiago Hercules\.m2\repository\org\eclipse\microprofile\context-propagation\microprofile-context-propagation-api\1.3\microprofile-context-propagation-api-1.3.jar;C:\Users\Thiago Hercules\.m2\repository\io\quarkus\quarkus-junit5\3.12.3\quarkus-junit5-3.12.3.jar;C:\Users\Thiago Hercules\.m2\repository\io\quarkus\quarkus-bootstrap-core\3.12.3\quarkus-bootstrap-core-3.12.3.jar;C:\Users\Thiago Hercules\.m2\repository\io\quarkus\quarkus-classloader-commons\3.12.3\quarkus-classloader-commons-3.12.3.jar;C:\Users\Thiago Hercules\.m2\repository\io\quarkus\quarkus-bootstrap-app-model\3.12.3\quarkus-bootstrap-app-model-3.12.3.jar;C:\Users\Thiago Hercules\.m2\repository\io\smallrye\common\smallrye-common-io\2.3.0\smallrye-common-io-2.3.0.jar;C:\Users\Thiago Hercules\.m2\repository\org\eclipse\sisu\org.eclipse.sisu.inject\0.9.0.M3\org.eclipse.sisu.inject-0.9.0.M3.jar;C:\Users\Thiago Hercules\.m2\repository\io\quarkus\quarkus-test-common\3.12.3\quarkus-test-common-3.12.3.jar;C:\Users\Thiago Hercules\.m2\repository\io\quarkus\quarkus-core-deployment\3.12.3\quarkus-core-deployment-3.12.3.jar;C:\Users\Thiago Hercules\.m2\repository\org\aesh\readline\2.6\readline-2.6.jar;C:\Users\Thiago Hercules\.m2\repository\org\fusesource\jansi\jansi\2.4.0\jansi-2.4.0.jar;C:\Users\Thiago Hercules\.m2\repository\org\aesh\aesh\2.8.2\aesh-2.8.2.jar;C:\Users\Thiago Hercules\.m2\repository\io\quarkus\gizmo\gizmo\1.8.0\gizmo-1.8.0.jar;C:\Users\Thiago Hercules\.m2\repository\org\ow2\asm\asm-util\9.7\asm-util-9.7.jar;C:\Users\Thiago Hercules\.m2\repository\org\ow2\asm\asm-analysis\9.7\asm-analysis-9.7.jar;C:\Users\Thiago Hercules\.m2\repository\org\ow2\asm\asm\9.7\asm-9.7.jar;C:\Users\Thiago Hercules\.m2\repository\org\ow2\asm\asm-commons\9.7\asm-commons-9.7.jar;C:\Users\Thiago Hercules\.m2\repository\org\ow2\asm\asm-tree\9.7\asm-tree-9.7.jar;C:\Users\Thiago Hercules\.m2\repository\io\quarkus\quarkus-hibernate-validator-spi\3.12.3\quarkus-hibernate-validator-spi-3.12.3.jar;C:\Users\Thiago Hercules\.m2\repository\io\quarkus\quarkus-class-change-agent\3.12.3\quarkus-class-change-agent-3.12.3.jar;C:\Users\Thiago Hercules\.m2\repository\io\quarkus\quarkus-devtools-utilities\3.12.3\quarkus-devtools-utilities-3.12.3.jar;C:\Users\Thiago Hercules\.m2\repository\io\quarkus\quarkus-builder\3.12.3\quarkus-builder-3.12.3.jar;C:\Users\Thiago Hercules\.m2\repository\org\graalvm\sdk\nativeimage\23.1.2\nativeimage-23.1.2.jar;C:\Users\Thiago Hercules\.m2\repository\org\graalvm\sdk\word\23.1.2\word-23.1.2.jar;C:\Users\Thiago Hercules\.m2\repository\org\junit\platform\junit-platform-launcher\1.10.2\junit-platform-launcher-1.10.2.jar;C:\Users\Thiago Hercules\.m2\repository\io\quarkus\quarkus-bootstrap-maven-resolver\3.12.3\quarkus-bootstrap-maven-resolver-3.12.3.jar;C:\Users\Thiago Hercules\.m2\repository\io\smallrye\beanbag\smallrye-beanbag-maven\1.5.2\smallrye-beanbag-maven-1.5.2.jar;C:\Users\Thiago Hercules\.m2\repository\io\smallrye\beanbag\smallrye-beanbag-sisu\1.5.2\smallrye-beanbag-sisu-1.5.2.jar;C:\Users\Thiago Hercules\.m2\repository\io\smallrye\beanbag\smallrye-beanbag\1.5.2\smallrye-beanbag-1.5.2.jar;C:\Users\Thiago Hercules\.m2\repository\org\apache\maven\maven-artifact\3.9.8\maven-artifact-3.9.8.jar;C:\Users\Thiago Hercules\.m2\repository\org\apache\maven\maven-builder-support\3.9.8\maven-builder-support-3.9.8.jar;C:\Users\Thiago Hercules\.m2\repository\org\apache\maven\maven-model\3.9.8\maven-model-3.9.8.jar;C:\Users\Thiago Hercules\.m2\repository\org\apache\maven\maven-model-builder\3.9.8\maven-model-builder-3.9.8.jar;C:\Users\Thiago Hercules\.m2\repository\org\apache\maven\maven-repository-metadata\3.9.8\maven-repository-metadata-3.9.8.jar;C:\Users\Thiago Hercules\.m2\repository\org\apache\maven\maven-settings\3.9.8\maven-settings-3.9.8.jar;C:\Users\Thiago Hercules\.m2\repository\org\apache\maven\resolver\maven-resolver-api\1.9.20\maven-resolver-api-1.9.20.jar;C:\Users\Thiago Hercules\.m2\repository\org\apache\maven\resolver\maven-resolver-impl\1.9.20\maven-resolver-impl-1.9.20.jar;C:\Users\Thiago Hercules\.m2\repository\org\apache\maven\resolver\maven-resolver-named-locks\1.9.20\maven-resolver-named-locks-1.9.20.jar;C:\Users\Thiago Hercules\.m2\repository\org\apache\maven\resolver\maven-resolver-spi\1.9.20\maven-resolver-spi-1.9.20.jar;C:\Users\Thiago Hercules\.m2\repository\org\apache\maven\resolver\maven-resolver-util\1.9.20\maven-resolver-util-1.9.20.jar;C:\Users\Thiago Hercules\.m2\repository\org\apache\maven\resolver\maven-resolver-transport-http\1.9.20\maven-resolver-transport-http-1.9.20.jar;C:\Users\Thiago Hercules\.m2\repository\org\apache\maven\wagon\wagon-provider-api\3.5.3\wagon-provider-api-3.5.3.jar;C:\Users\Thiago Hercules\.m2\repository\org\apache\maven\wagon\wagon-http-shared\3.5.3\wagon-http-shared-3.5.3.jar;C:\Users\Thiago Hercules\.m2\repository\org\codehaus\plexus\plexus-interpolation\1.26\plexus-interpolation-1.26.jar;C:\Users\Thiago Hercules\.m2\repository\org\codehaus\plexus\plexus-utils\3.5.1\plexus-utils-3.5.1.jar;C:\Users\Thiago Hercules\.m2\repository\org\codehaus\plexus\plexus-xml\4.0.1\plexus-xml-4.0.1.jar;C:\Users\Thiago Hercules\.m2\repository\org\apache\maven\maven-xml-impl\4.0.0-alpha-5\maven-xml-impl-4.0.0-alpha-5.jar;C:\Users\Thiago Hercules\.m2\repository\org\apache\maven\maven-api-xml\4.0.0-alpha-5\maven-api-xml-4.0.0-alpha-5.jar;C:\Users\Thiago Hercules\.m2\repository\org\apache\maven\maven-api-meta\4.0.0-alpha-5\maven-api-meta-4.0.0-alpha-5.jar;C:\Users\Thiago Hercules\.m2\repository\org\codehaus\plexus\plexus-cipher\2.0\plexus-cipher-2.0.jar;C:\Users\Thiago Hercules\.m2\repository\org\codehaus\plexus\plexus-sec-dispatcher\2.0\plexus-sec-dispatcher-2.0.jar;C:\Users\Thiago Hercules\.m2\repository\org\apache\maven\maven-embedder\3.9.8\maven-embedder-3.9.8.jar;C:\Users\Thiago Hercules\.m2\repository\org\apache\maven\maven-core\3.9.8\maven-core-3.9.8.jar;C:\Users\Thiago Hercules\.m2\repository\org\codehaus\plexus\plexus-component-annotations\2.1.0\plexus-component-annotations-2.1.0.jar;C:\Users\Thiago Hercules\.m2\repository\org\apache\maven\maven-plugin-api\3.9.8\maven-plugin-api-3.9.8.jar;C:\Users\Thiago Hercules\.m2\repository\org\apache\maven\shared\maven-shared-utils\3.4.2\maven-shared-utils-3.4.2.jar;C:\Users\Thiago Hercules\.m2\repository\com\google\inject\guice\5.1.0\guice-5.1.0.jar;C:\Users\Thiago Hercules\.m2\repository\aopalliance\aopalliance\1.0\aopalliance-1.0.jar;C:\Users\Thiago Hercules\.m2\repository\com\google\guava\guava\33.2.1-jre\guava-33.2.1-jre.jar;C:\Users\Thiago Hercules\.m2\repository\com\google\guava\failureaccess\1.0.1\failureaccess-1.0.1.jar;C:\Users\Thiago Hercules\.m2\repository\javax\annotation\javax.annotation-api\1.3.2\javax.annotation-api-1.3.2.jar;C:\Users\Thiago Hercules\.m2\repository\org\codehaus\plexus\plexus-classworlds\2.6.0\plexus-classworlds-2.6.0.jar;C:\Users\Thiago Hercules\.m2\repository\commons-cli\commons-cli\1.8.0\commons-cli-1.8.0.jar;C:\Users\Thiago Hercules\.m2\repository\org\eclipse\sisu\org.eclipse.sisu.plexus\0.9.0.M3\org.eclipse.sisu.plexus-0.9.0.M3.jar;C:\Users\Thiago Hercules\.m2\repository\org\apache\maven\maven-settings-builder\3.9.8\maven-settings-builder-3.9.8.jar;C:\Users\Thiago Hercules\.m2\repository\org\apache\maven\maven-resolver-provider\3.9.8\maven-resolver-provider-3.9.8.jar;C:\Users\Thiago Hercules\.m2\repository\org\apache\maven\resolver\maven-resolver-connector-basic\1.9.20\maven-resolver-connector-basic-1.9.20.jar;C:\Users\Thiago Hercules\.m2\repository\org\apache\maven\resolver\maven-resolver-transport-wagon\1.9.20\maven-resolver-transport-wagon-1.9.20.jar;C:\Users\Thiago Hercules\.m2\repository\org\apache\maven\wagon\wagon-http\3.5.3\wagon-http-3.5.3.jar;C:\Users\Thiago Hercules\.m2\repository\org\apache\maven\wagon\wagon-file\3.5.3\wagon-file-3.5.3.jar;C:\Users\Thiago Hercules\.m2\repository\io\quarkus\quarkus-bootstrap-gradle-resolver\3.12.3\quarkus-bootstrap-gradle-resolver-3.12.3.jar;C:\Users\Thiago Hercules\.m2\repository\io\smallrye\jandex\3.2.0\jandex-3.2.0.jar;C:\Users\Thiago Hercules\.m2\repository\io\quarkus\quarkus-junit5-properties\3.12.3\quarkus-junit5-properties-3.12.3.jar;C:\Users\Thiago Hercules\.m2\repository\org\junit\jupiter\junit-jupiter\5.10.2\junit-jupiter-5.10.2.jar;C:\Users\Thiago Hercules\.m2\repository\org\junit\jupiter\junit-jupiter-api\5.10.2\junit-jupiter-api-5.10.2.jar;C:\Users\Thiago Hercules\.m2\repository\org\opentest4j\opentest4j\1.3.0\opentest4j-1.3.0.jar;C:\Users\Thiago Hercules\.m2\repository\org\junit\platform\junit-platform-commons\1.10.2\junit-platform-commons-1.10.2.jar;C:\Users\Thiago Hercules\.m2\repository\org\apiguardian\apiguardian-api\1.1.2\apiguardian-api-1.1.2.jar;C:\Users\Thiago Hercules\.m2\repository\org\junit\jupiter\junit-jupiter-params\5.10.2\junit-jupiter-params-5.10.2.jar;C:\Users\Thiago Hercules\.m2\repository\org\junit\jupiter\junit-jupiter-engine\5.10.2\junit-jupiter-engine-5.10.2.jar;C:\Users\Thiago Hercules\.m2\repository\org\junit\platform\junit-platform-engine\1.10.2\junit-platform-engine-1.10.2.jar;C:\Users\Thiago Hercules\.m2\repository\com\thoughtworks\xstream\xstream\1.4.20\xstream-1.4.20.jar;C:\Users\Thiago Hercules\.m2\repository\io\github\x-stream\mxparser\1.2.2\mxparser-1.2.2.jar;C:\Users\Thiago Hercules\.m2\repository\xmlpull\xmlpull\1.1.3.1\xmlpull-1.1.3.1.jar;C:\Users\Thiago Hercules\.m2\repository\io\rest-assured\rest-assured\5.4.0\rest-assured-5.4.0.jar;C:\Users\Thiago Hercules\.m2\repository\org\apache\groovy\groovy\4.0.16\groovy-4.0.16.jar;C:\Users\Thiago Hercules\.m2\repository\org\apache\groovy\groovy-xml\4.0.16\groovy-xml-4.0.16.jar;C:\Users\Thiago Hercules\.m2\repository\org\apache\httpcomponents\httpclient\4.5.14\httpclient-4.5.14.jar;C:\Users\Thiago Hercules\.m2\repository\org\apache\httpcomponents\httpcore\4.4.16\httpcore-4.4.16.jar;C:\Users\Thiago Hercules\.m2\repository\commons-codec\commons-codec\1.17.0\commons-codec-1.17.0.jar;C:\Users\Thiago Hercules\.m2\repository\org\apache\httpcomponents\httpmime\4.5.14\httpmime-4.5.14.jar;C:\Users\Thiago Hercules\.m2\repository\org\hamcrest\hamcrest\2.2\hamcrest-2.2.jar;C:\Users\Thiago Hercules\.m2\repository\org\ccil\cowan\tagsoup\tagsoup\1.2.1\tagsoup-1.2.1.jar;C:\Users\Thiago Hercules\.m2\repository\io\rest-assured\json-path\5.4.0\json-path-5.4.0.jar;C:\Users\Thiago Hercules\.m2\repository\org\apache\groovy\groovy-json\4.0.16\groovy-json-4.0.16.jar;C:\Users\Thiago Hercules\.m2\repository\io\rest-assured\rest-assured-common\5.4.0\rest-assured-common-5.4.0.jar;C:\Users\Thiago Hercules\.m2\repository\io\rest-assured\xml-path\5.4.0\xml-path-5.4.0.jar;C:\Users\Thiago Hercules\.m2\repository\org\apache\commons\commons-lang3\3.14.0\commons-lang3-3.14.0.jar;C:\Users\Thiago Hercules\.m2\repository\javax\inject\javax.inject\1\javax.inject-1.jar;C:\Users\Thiago Hercules\.m2\repository\io\quarkus\quarkus-hibernate-validator\3.12.3\quarkus-hibernate-validator-3.12.3.jar;C:\Users\Thiago Hercules\.m2\repository\org\hibernate\validator\hibernate-validator\8.0.1.Final\hibernate-validator-8.0.1.Final.jar;C:\Users\Thiago Hercules\.m2\repository\com\fasterxml\classmate\1.7.0\classmate-1.7.0.jar;C:\Users\Thiago Hercules\.m2\repository\org\glassfish\expressly\expressly\5.0.0\expressly-5.0.0.jar;C:\Users\Thiago Hercules\.m2\repository\jakarta\el\jakarta.el-api\5.0.1\jakarta.el-api-5.0.1.jar;C:\Users\Thiago Hercules\.m2\repository\io\smallrye\config\smallrye-config-validator\3.8.3\smallrye-config-validator-3.8.3.jar;C:\Users\Thiago Hercules\.m2\repository\jakarta\ws\rs\jakarta.ws.rs-api\3.1.0\jakarta.ws.rs-api-3.1.0.jar;"/>
    <property name="sun.cpu.endian" value="little"/>
    <property name="vertx.disableWebsockets" value="true"/>
    <property name="user.home" value="C:\Users\Thiago Hercules"/>
    <property name="user.language" value="pt"/>
    <property name="jboss.log-version" value="false"/>
    <property name="java.specification.vendor" value="Oracle Corporation"/>
    <property name="io.netty.allocator.maxOrder" value="3"/>
    <property name="java.version.date" value="2024-07-16"/>
    <property name="java.home" value="C:\Program Files\Java\jdk-22"/>
    <property name="file.separator" value="\"/>
    <property name="basedir" value="C:\Projects\thiago-code"/>
    <property name="java.vm.compressedOopsMode" value="Zero based"/>
    <property name="line.separator" value="&#10;"/>
    <property name="java.vm.specification.vendor" value="Oracle Corporation"/>
    <property name="java.specification.name" value="Java Platform API Specification"/>
    <property name="surefire.real.class.path" value="C:\Users\Thiago Hercules\AppData\Local\Temp\surefire13742107110045565255\surefirebooter-20240729174736937_3.jar"/>
    <property name="user.script" value=""/>
    <property name="sun.management.compiler" value="HotSpot 64-Bit Tiered Compilers"/>
    <property name="java.runtime.version" value="22.0.2+9-70"/>
    <property name="user.name" value="Thiago Hercules"/>
    <property name="com.mysql.cj.disableAbandonedConnectionCleanup" value="true"/>
    <property name="stdout.encoding" value="Cp1252"/>
    <property name="dev.resteasy.exception.mapper" value="false"/>
    <property name="path.separator" value=";"/>
    <property name="os.version" value="10.0"/>
    <property name="java.runtime.name" value="Java(TM) SE Runtime Environment"/>
    <property name="file.encoding" value="UTF-8"/>
    <property name="java.vm.name" value="Java HotSpot(TM) 64-Bit Server VM"/>
    <property name="localRepository" value="C:\Users\Thiago Hercules\.m2\repository"/>
    <property name="java.vendor.url.bug" value="https://bugreport.java.com/bugreport/"/>
    <property name="java.io.tmpdir" value="C:\Users\THIAGO~1\AppData\Local\Temp\"/>
    <property name="quarkus.log.file.path" value="target\quarkus.log"/>
    <property name="java.version" value="22.0.2"/>
    <property name="java.util.concurrent.ForkJoinPool.common.threadFactory" value="io.quarkus.bootstrap.forkjoin.QuarkusForkJoinWorkerThreadFactory"/>
    <property name="user.dir" value="C:\Projects\thiago-code"/>
    <property name="os.arch" value="amd64"/>
    <property name="java.vm.specification.name" value="Java Virtual Machine Specification"/>
    <property name="vertx.disableDnsResolver" value="true"/>
    <property name="sun.os.patch.level" value=""/>
    <property name="native.encoding" value="Cp1252"/>
    <property name="java.util.logging.manager" value="org.jboss.logmanager.LogManager"/>
    <property name="java.library.path" value="C:\Program Files\Java\jdk-22\bin;C:\Windows\Sun\Java\bin;C:\Windows\system32;C:\Windows;C:\Program Files\Common Files\Oracle\Java\javapath;C:\Python312\Scripts\;C:\Python312\;C:\Windows\system32;C:\Windows;C:\Windows\System32\Wbem;C:\Windows\System32\WindowsPowerShell\v1.0\;C:\Windows\System32\OpenSSH\;C:\Program Files\Git\cmd;C:\Program Files\nodejs\;C:\ProgramData\chocolatey\bin;C:\Program Files\Java\jdk-22\bin;C:\Program Files\Java\apache-maven-3.9.8\bin;C:\Users\Thiago Hercules\AppData\Local\Microsoft\WindowsApps;C:\Users\Thiago Hercules\AppData\Local\Programs\Microsoft VS Code\bin;C:\Users\Thiago Hercules\AppData\Roaming\npm;C:\Program Files\JetBrains\IntelliJ IDEA Community Edition 2024.1.4\bin;C:\Program Files\Java\jdk-22\bin;C:\Program Files\Docker\Docker\resources\bin;C:\Program Files\MySQL\MySQL Shell 8.0\bin\;C:\Users\Thiago Hercules\AppData\Local\Microsoft\WindowsApps;C:\Users\Thiago Hercules\AppData\Local\Programs\Microsoft VS Code\bin;C:\Users\Thiago Hercules\AppData\Roaming\npm;C:\Program Files\JetBrains\IntelliJ IDEA Community Edition 2024.1.4\bin;;."/>
    <property name="java.vm.info" value="mixed mode, sharing"/>
    <property name="stderr.encoding" value="Cp1252"/>
    <property name="java.vendor" value="Oracle Corporation"/>
    <property name="vertx.disableTCCL" value="true"/>
    <property name="java.vm.version" value="22.0.2+9-70"/>
    <property name="sun.io.unicode.encoding" value="UnicodeLittle"/>
    <property name="io.netty.machineId" value="46:44:a1:2b:3d:a5:32:df"/>
    <property name="java.class.version" value="66.0"/>
  </properties>
  <testcase name="testUpdateUser" classname="org.acme.hercules.UserRepositoryTest" time="0.444">
    <error message="Unable to acquire JDBC Connection [null,  message from server: &quot;Host &apos;host.docker.internal&apos; is not allowed to connect to this MySQL server&quot;] [n/a]" type="org.hibernate.exception.GenericJDBCException"><![CDATA[org.hibernate.exception.GenericJDBCException: Unable to acquire JDBC Connection [null,  message from server: "Host 'host.docker.internal' is not allowed to connect to this MySQL server"] [n/a]
	at org.hibernate.exception.internal.StandardSQLExceptionConverter.convert(StandardSQLExceptionConverter.java:63)
	at org.hibernate.engine.jdbc.spi.SqlExceptionHelper.convert(SqlExceptionHelper.java:108)
	at org.hibernate.engine.jdbc.spi.SqlExceptionHelper.convert(SqlExceptionHelper.java:94)
	at org.hibernate.resource.jdbc.internal.LogicalConnectionManagedImpl.acquireConnectionIfNeeded(LogicalConnectionManagedImpl.java:116)
	at org.hibernate.resource.jdbc.internal.LogicalConnectionManagedImpl.getPhysicalConnection(LogicalConnectionManagedImpl.java:143)
	at org.hibernate.engine.jdbc.internal.MutationStatementPreparerImpl.connection(MutationStatementPreparerImpl.java:137)
	at org.hibernate.engine.jdbc.internal.MutationStatementPreparerImpl$2.doPrepare(MutationStatementPreparerImpl.java:61)
	at org.hibernate.engine.jdbc.internal.MutationStatementPreparerImpl$StatementPreparationTemplate.prepareStatement(MutationStatementPreparerImpl.java:106)
	at org.hibernate.engine.jdbc.internal.MutationStatementPreparerImpl.prepareStatement(MutationStatementPreparerImpl.java:63)
	at org.hibernate.id.insert.GetGeneratedKeysDelegate.prepareStatement(GetGeneratedKeysDelegate.java:95)
	at org.hibernate.engine.jdbc.mutation.internal.ModelMutationHelper.delegateStatementPreparation(ModelMutationHelper.java:131)
	at org.hibernate.engine.jdbc.mutation.internal.ModelMutationHelper.lambda$standardPreparation$0(ModelMutationHelper.java:121)
	at org.hibernate.engine.jdbc.mutation.internal.PreparedStatementDetailsStandard.resolveStatement(PreparedStatementDetailsStandard.java:87)
	at org.hibernate.id.insert.GetGeneratedKeysDelegate.performMutation(GetGeneratedKeysDelegate.java:113)
	at org.hibernate.engine.jdbc.mutation.internal.MutationExecutorSingleNonBatched.performNonBatchedOperations(MutationExecutorSingleNonBatched.java:47)
	at org.hibernate.engine.jdbc.mutation.internal.AbstractMutationExecutor.execute(AbstractMutationExecutor.java:55)
	at org.hibernate.persister.entity.mutation.InsertCoordinatorStandard.doStaticInserts(InsertCoordinatorStandard.java:194)
	at org.hibernate.persister.entity.mutation.InsertCoordinatorStandard.coordinateInsert(InsertCoordinatorStandard.java:132)
	at org.hibernate.persister.entity.mutation.InsertCoordinatorStandard.insert(InsertCoordinatorStandard.java:95)
	at org.hibernate.action.internal.EntityIdentityInsertAction.execute(EntityIdentityInsertAction.java:85)
	at org.hibernate.engine.spi.ActionQueue.execute(ActionQueue.java:670)
	at org.hibernate.engine.spi.ActionQueue.addResolvedEntityInsertAction(ActionQueue.java:291)
	at org.hibernate.engine.spi.ActionQueue.addInsertAction(ActionQueue.java:272)
	at org.hibernate.engine.spi.ActionQueue.addAction(ActionQueue.java:322)
	at org.hibernate.event.internal.AbstractSaveEventListener.addInsertAction(AbstractSaveEventListener.java:391)
	at org.hibernate.event.internal.AbstractSaveEventListener.performSaveOrReplicate(AbstractSaveEventListener.java:305)
	at org.hibernate.event.internal.AbstractSaveEventListener.performSave(AbstractSaveEventListener.java:224)
	at org.hibernate.event.internal.AbstractSaveEventListener.saveWithGeneratedId(AbstractSaveEventListener.java:137)
	at org.hibernate.event.internal.DefaultPersistEventListener.entityIsTransient(DefaultPersistEventListener.java:175)
	at org.hibernate.event.internal.DefaultPersistEventListener.persist(DefaultPersistEventListener.java:93)
	at org.hibernate.event.internal.DefaultPersistEventListener.onPersist(DefaultPersistEventListener.java:77)
	at org.hibernate.event.internal.DefaultPersistEventListener.onPersist(DefaultPersistEventListener.java:54)
	at org.hibernate.event.service.internal.EventListenerGroupImpl.fireEventOnEachListener(EventListenerGroupImpl.java:127)
	at org.hibernate.internal.SessionImpl.firePersist(SessionImpl.java:757)
	at org.hibernate.internal.SessionImpl.persist(SessionImpl.java:741)
	at io.quarkus.hibernate.orm.runtime.session.TransactionScopedSession.persist(TransactionScopedSession.java:146)
	at org.hibernate.engine.spi.SessionLazyDelegator.persist(SessionLazyDelegator.java:282)
	at org.hibernate.Session_OpdLahisOZ9nWRPXMsEFQmQU03A_Synthetic_ClientProxy.persist(Unknown Source)
	at io.quarkus.hibernate.orm.panache.common.runtime.AbstractJpaOperations.persist(AbstractJpaOperations.java:101)
	at io.quarkus.hibernate.orm.panache.common.runtime.AbstractJpaOperations.persist(AbstractJpaOperations.java:96)
	at io.quarkus.hibernate.orm.panache.PanacheRepositoryBase.persist(PanacheRepositoryBase.java:54)
	at org.acme.hercules.repository.UserRepository.addUser(UserRepository.java:12)
	at org.acme.hercules.repository.UserRepository_Subclass.addUser$$superforward(Unknown Source)
	at org.acme.hercules.repository.UserRepository_Subclass$$function$$2.apply(Unknown Source)
	at io.quarkus.arc.impl.AroundInvokeInvocationContext.proceed(AroundInvokeInvocationContext.java:73)
	at io.quarkus.arc.impl.AroundInvokeInvocationContext.proceed(AroundInvokeInvocationContext.java:62)
	at io.quarkus.narayana.jta.runtime.interceptor.TransactionalInterceptorBase.invokeInCallerTx(TransactionalInterceptorBase.java:335)
	at io.quarkus.narayana.jta.runtime.interceptor.TransactionalInterceptorRequired.doIntercept(TransactionalInterceptorRequired.java:40)
	at io.quarkus.narayana.jta.runtime.interceptor.TransactionalInterceptorBase.intercept(TransactionalInterceptorBase.java:61)
	at io.quarkus.narayana.jta.runtime.interceptor.TransactionalInterceptorRequired.intercept(TransactionalInterceptorRequired.java:32)
	at io.quarkus.narayana.jta.runtime.interceptor.TransactionalInterceptorRequired_Bean.intercept(Unknown Source)
	at io.quarkus.arc.impl.InterceptorInvocation.invoke(InterceptorInvocation.java:42)
	at io.quarkus.arc.impl.AroundInvokeInvocationContext.perform(AroundInvokeInvocationContext.java:30)
	at io.quarkus.arc.impl.InvocationContexts.performAroundInvoke(InvocationContexts.java:27)
	at org.acme.hercules.repository.UserRepository_Subclass.addUser(Unknown Source)
	at org.acme.hercules.repository.UserRepository_ClientProxy.addUser(Unknown Source)
	at org.acme.hercules.UserRepositoryTest.setUp(UserRepositoryTest.java:40)
	at org.acme.hercules.UserRepositoryTest_Subclass.setUp$$superforward(Unknown Source)
	at org.acme.hercules.UserRepositoryTest_Subclass$$function$$1.apply(Unknown Source)
	at io.quarkus.arc.impl.AroundInvokeInvocationContext.proceed(AroundInvokeInvocationContext.java:73)
	at io.quarkus.arc.impl.AroundInvokeInvocationContext.proceed(AroundInvokeInvocationContext.java:62)
	at io.quarkus.narayana.jta.runtime.interceptor.TransactionalInterceptorBase.invokeInOurTx(TransactionalInterceptorBase.java:136)
	at io.quarkus.narayana.jta.runtime.interceptor.TransactionalInterceptorBase.invokeInOurTx(TransactionalInterceptorBase.java:107)
	at io.quarkus.narayana.jta.runtime.interceptor.TransactionalInterceptorRequired.doIntercept(TransactionalInterceptorRequired.java:38)
	at io.quarkus.narayana.jta.runtime.interceptor.TransactionalInterceptorBase.intercept(TransactionalInterceptorBase.java:61)
	at io.quarkus.narayana.jta.runtime.interceptor.TransactionalInterceptorRequired.intercept(TransactionalInterceptorRequired.java:32)
	at io.quarkus.narayana.jta.runtime.interceptor.TransactionalInterceptorRequired_Bean.intercept(Unknown Source)
	at io.quarkus.arc.impl.InterceptorInvocation.invoke(InterceptorInvocation.java:42)
	at io.quarkus.arc.impl.AroundInvokeInvocationContext.perform(AroundInvokeInvocationContext.java:30)
	at io.quarkus.arc.impl.InvocationContexts.performAroundInvoke(InvocationContexts.java:27)
	at org.acme.hercules.UserRepositoryTest_Subclass.setUp(Unknown Source)
	at java.base/java.lang.reflect.Method.invoke(Method.java:580)
	at io.quarkus.test.junit.QuarkusTestExtension.runExtensionMethod(QuarkusTestExtension.java:1017)
	at io.quarkus.test.junit.QuarkusTestExtension.interceptBeforeEachMethod(QuarkusTestExtension.java:812)
	at java.base/java.util.ArrayList.forEach(ArrayList.java:1597)
	at java.base/java.util.ArrayList.forEach(ArrayList.java:1597)
Caused by: java.sql.SQLException: null,  message from server: "Host 'host.docker.internal' is not allowed to connect to this MySQL server"
	at com.mysql.cj.jdbc.exceptions.SQLError.createSQLException(SQLError.java:130)
	at com.mysql.cj.jdbc.exceptions.SQLExceptionsMapping.translateException(SQLExceptionsMapping.java:122)
	at com.mysql.cj.jdbc.ConnectionImpl.createNewIO(ConnectionImpl.java:815)
	at com.mysql.cj.jdbc.ConnectionImpl.<init>(ConnectionImpl.java:438)
	at com.mysql.cj.jdbc.ConnectionImpl.getInstance(ConnectionImpl.java:241)
	at com.mysql.cj.jdbc.NonRegisteringDriver.connect(NonRegisteringDriver.java:189)
	at io.agroal.pool.ConnectionFactory.createConnection(ConnectionFactory.java:225)
	at io.agroal.pool.ConnectionPool$CreateConnectionTask.call(ConnectionPool.java:580)
	at io.agroal.pool.ConnectionPool$CreateConnectionTask.call(ConnectionPool.java:561)
	at java.base/java.util.concurrent.FutureTask.run(FutureTask.java:317)
	at io.agroal.pool.util.PriorityScheduledExecutor.beforeExecute(PriorityScheduledExecutor.java:75)
	at java.base/java.util.concurrent.ThreadPoolExecutor.runWorker(ThreadPoolExecutor.java:1142)
	at java.base/java.util.concurrent.ThreadPoolExecutor$Worker.run(ThreadPoolExecutor.java:642)
	at java.base/java.lang.Thread.run(Thread.java:1570)
]]></error>
    <system-out><![CDATA[2024-07-29 17:47:48,129 WARN  [io.agr.pool] (agroal-11) Datasource '<default>': null,  message from server: "Host 'host.docker.internal' is not allowed to connect to this MySQL server"
2024-07-29 17:47:48,131 WARN  [org.hib.eng.jdb.env.int.JdbcEnvironmentInitiator] (JPA Startup Thread) HHH000342: Could not obtain connection to query metadata: java.lang.NullPointerException: Cannot throw exception because the return value of "java.util.function.BiFunction.apply(Object, Object)" is null
	at org.hibernate.resource.transaction.backend.jta.internal.JtaIsolationDelegate.doTheWork(JtaIsolationDelegate.java:202)
	at org.hibernate.resource.transaction.backend.jta.internal.JtaIsolationDelegate.lambda$delegateWork$3(JtaIsolationDelegate.java:91)
	at org.hibernate.resource.transaction.backend.jta.internal.JtaIsolationDelegate.doInSuspendedTransaction(JtaIsolationDelegate.java:123)
	at org.hibernate.resource.transaction.backend.jta.internal.JtaIsolationDelegate.delegateWork(JtaIsolationDelegate.java:88)
	at org.hibernate.engine.jdbc.env.internal.JdbcEnvironmentInitiator.getJdbcEnvironmentUsingJdbcMetadata(JdbcEnvironmentInitiator.java:290)
	at org.hibernate.engine.jdbc.env.internal.JdbcEnvironmentInitiator.initiateService(JdbcEnvironmentInitiator.java:123)
	at org.hibernate.engine.jdbc.env.internal.JdbcEnvironmentInitiator.initiateService(JdbcEnvironmentInitiator.java:77)
	at org.hibernate.boot.registry.internal.StandardServiceRegistryImpl.initiateService(StandardServiceRegistryImpl.java:130)
	at org.hibernate.service.internal.AbstractServiceRegistryImpl.createService(AbstractServiceRegistryImpl.java:263)
	at org.hibernate.service.internal.AbstractServiceRegistryImpl.initializeService(AbstractServiceRegistryImpl.java:238)
	at org.hibernate.service.internal.AbstractServiceRegistryImpl.getService(AbstractServiceRegistryImpl.java:215)
	at org.hibernate.service.ServiceRegistry.requireService(ServiceRegistry.java:68)
	at org.hibernate.engine.jdbc.internal.JdbcServicesImpl.configure(JdbcServicesImpl.java:52)
	at org.hibernate.boot.registry.internal.StandardServiceRegistryImpl.configureService(StandardServiceRegistryImpl.java:136)
	at org.hibernate.service.internal.AbstractServiceRegistryImpl.initializeService(AbstractServiceRegistryImpl.java:247)
	at org.hibernate.service.internal.AbstractServiceRegistryImpl.getService(AbstractServiceRegistryImpl.java:215)
	at org.hibernate.service.ServiceRegistry.requireService(ServiceRegistry.java:68)
	at org.hibernate.boot.internal.SessionFactoryOptionsBuilder.<init>(SessionFactoryOptionsBuilder.java:287)
	at io.quarkus.hibernate.orm.runtime.recording.PrevalidatedQuarkusMetadata.buildSessionFactoryOptionsBuilder(PrevalidatedQuarkusMetadata.java:70)
	at io.quarkus.hibernate.orm.runtime.boot.FastBootEntityManagerFactoryBuilder.build(FastBootEntityManagerFactoryBuilder.java:84)
	at io.quarkus.hibernate.orm.runtime.FastBootHibernatePersistenceProvider.createEntityManagerFactory(FastBootHibernatePersistenceProvider.java:72)
	at jakarta.persistence.Persistence.createEntityManagerFactory(Persistence.java:80)
	at jakarta.persistence.Persistence.createEntityManagerFactory(Persistence.java:55)
	at io.quarkus.hibernate.orm.runtime.JPAConfig$LazyPersistenceUnit.get(JPAConfig.java:154)
	at io.quarkus.hibernate.orm.runtime.JPAConfig$1.run(JPAConfig.java:61)
	at java.base/java.lang.Thread.run(Thread.java:1570)

2024-07-29 17:47:48,676 WARN  [io.qua.hib.orm.run.ser.QuarkusRuntimeInitDialectFactory] (JPA Startup Thread) Persistence unit <default>: Could not retrieve the database version to check it is at least 8.0.0
2024-07-29 17:47:48,804 INFO  [io.quarkus] (main) thiago-code 1.0.0-SNAPSHOT on JVM (powered by Quarkus 3.12.3) started in 8.525s. Listening on: http://localhost:8081
2024-07-29 17:47:48,805 INFO  [io.quarkus] (main) Profile test activated. 
2024-07-29 17:47:48,805 INFO  [io.quarkus] (main) Installed features: [agroal, cdi, hibernate-orm, hibernate-orm-panache, hibernate-orm-rest-data-panache, hibernate-validator, jdbc-mysql, narayana-jta, resteasy, resteasy-client, resteasy-client-jsonb, security, security-jpa, smallrye-context-propagation, vertx]
2024-07-29 17:47:49,262 WARN  [io.agr.pool] (agroal-11) Datasource '<default>': null,  message from server: "Host 'host.docker.internal' is not allowed to connect to this MySQL server"
2024-07-29 17:47:49,263 WARN  [org.hib.eng.jdb.spi.SqlExceptionHelper] (main) SQL Error: 1130, SQLState: HY000
2024-07-29 17:47:49,263 ERROR [org.hib.eng.jdb.spi.SqlExceptionHelper] (main) null,  message from server: "Host 'host.docker.internal' is not allowed to connect to this MySQL server"
]]></system-out>
  </testcase>
  <testcase name="testDeleteUser" classname="org.acme.hercules.UserRepositoryTest" time="0.009">
    <error message="Unable to acquire JDBC Connection [null,  message from server: &quot;Host &apos;host.docker.internal&apos; is not allowed to connect to this MySQL server&quot;] [n/a]" type="org.hibernate.exception.GenericJDBCException"><![CDATA[org.hibernate.exception.GenericJDBCException: Unable to acquire JDBC Connection [null,  message from server: "Host 'host.docker.internal' is not allowed to connect to this MySQL server"] [n/a]
	at org.hibernate.exception.internal.StandardSQLExceptionConverter.convert(StandardSQLExceptionConverter.java:63)
	at org.hibernate.engine.jdbc.spi.SqlExceptionHelper.convert(SqlExceptionHelper.java:108)
	at org.hibernate.engine.jdbc.spi.SqlExceptionHelper.convert(SqlExceptionHelper.java:94)
	at org.hibernate.resource.jdbc.internal.LogicalConnectionManagedImpl.acquireConnectionIfNeeded(LogicalConnectionManagedImpl.java:116)
	at org.hibernate.resource.jdbc.internal.LogicalConnectionManagedImpl.getPhysicalConnection(LogicalConnectionManagedImpl.java:143)
	at org.hibernate.engine.jdbc.internal.MutationStatementPreparerImpl.connection(MutationStatementPreparerImpl.java:137)
	at org.hibernate.engine.jdbc.internal.MutationStatementPreparerImpl$2.doPrepare(MutationStatementPreparerImpl.java:61)
	at org.hibernate.engine.jdbc.internal.MutationStatementPreparerImpl$StatementPreparationTemplate.prepareStatement(MutationStatementPreparerImpl.java:106)
	at org.hibernate.engine.jdbc.internal.MutationStatementPreparerImpl.prepareStatement(MutationStatementPreparerImpl.java:63)
	at org.hibernate.id.insert.GetGeneratedKeysDelegate.prepareStatement(GetGeneratedKeysDelegate.java:95)
	at org.hibernate.engine.jdbc.mutation.internal.ModelMutationHelper.delegateStatementPreparation(ModelMutationHelper.java:131)
	at org.hibernate.engine.jdbc.mutation.internal.ModelMutationHelper.lambda$standardPreparation$0(ModelMutationHelper.java:121)
	at org.hibernate.engine.jdbc.mutation.internal.PreparedStatementDetailsStandard.resolveStatement(PreparedStatementDetailsStandard.java:87)
	at org.hibernate.id.insert.GetGeneratedKeysDelegate.performMutation(GetGeneratedKeysDelegate.java:113)
	at org.hibernate.engine.jdbc.mutation.internal.MutationExecutorSingleNonBatched.performNonBatchedOperations(MutationExecutorSingleNonBatched.java:47)
	at org.hibernate.engine.jdbc.mutation.internal.AbstractMutationExecutor.execute(AbstractMutationExecutor.java:55)
	at org.hibernate.persister.entity.mutation.InsertCoordinatorStandard.doStaticInserts(InsertCoordinatorStandard.java:194)
	at org.hibernate.persister.entity.mutation.InsertCoordinatorStandard.coordinateInsert(InsertCoordinatorStandard.java:132)
	at org.hibernate.persister.entity.mutation.InsertCoordinatorStandard.insert(InsertCoordinatorStandard.java:95)
	at org.hibernate.action.internal.EntityIdentityInsertAction.execute(EntityIdentityInsertAction.java:85)
	at org.hibernate.engine.spi.ActionQueue.execute(ActionQueue.java:670)
	at org.hibernate.engine.spi.ActionQueue.addResolvedEntityInsertAction(ActionQueue.java:291)
	at org.hibernate.engine.spi.ActionQueue.addInsertAction(ActionQueue.java:272)
	at org.hibernate.engine.spi.ActionQueue.addAction(ActionQueue.java:322)
	at org.hibernate.event.internal.AbstractSaveEventListener.addInsertAction(AbstractSaveEventListener.java:391)
	at org.hibernate.event.internal.AbstractSaveEventListener.performSaveOrReplicate(AbstractSaveEventListener.java:305)
	at org.hibernate.event.internal.AbstractSaveEventListener.performSave(AbstractSaveEventListener.java:224)
	at org.hibernate.event.internal.AbstractSaveEventListener.saveWithGeneratedId(AbstractSaveEventListener.java:137)
	at org.hibernate.event.internal.DefaultPersistEventListener.entityIsTransient(DefaultPersistEventListener.java:175)
	at org.hibernate.event.internal.DefaultPersistEventListener.persist(DefaultPersistEventListener.java:93)
	at org.hibernate.event.internal.DefaultPersistEventListener.onPersist(DefaultPersistEventListener.java:77)
	at org.hibernate.event.internal.DefaultPersistEventListener.onPersist(DefaultPersistEventListener.java:54)
	at org.hibernate.event.service.internal.EventListenerGroupImpl.fireEventOnEachListener(EventListenerGroupImpl.java:127)
	at org.hibernate.internal.SessionImpl.firePersist(SessionImpl.java:757)
	at org.hibernate.internal.SessionImpl.persist(SessionImpl.java:741)
	at io.quarkus.hibernate.orm.runtime.session.TransactionScopedSession.persist(TransactionScopedSession.java:146)
	at org.hibernate.engine.spi.SessionLazyDelegator.persist(SessionLazyDelegator.java:282)
	at org.hibernate.Session_OpdLahisOZ9nWRPXMsEFQmQU03A_Synthetic_ClientProxy.persist(Unknown Source)
	at io.quarkus.hibernate.orm.panache.common.runtime.AbstractJpaOperations.persist(AbstractJpaOperations.java:101)
	at io.quarkus.hibernate.orm.panache.common.runtime.AbstractJpaOperations.persist(AbstractJpaOperations.java:96)
	at io.quarkus.hibernate.orm.panache.PanacheRepositoryBase.persist(PanacheRepositoryBase.java:54)
	at org.acme.hercules.repository.UserRepository.addUser(UserRepository.java:12)
	at org.acme.hercules.repository.UserRepository_Subclass.addUser$$superforward(Unknown Source)
	at org.acme.hercules.repository.UserRepository_Subclass$$function$$2.apply(Unknown Source)
	at io.quarkus.arc.impl.AroundInvokeInvocationContext.proceed(AroundInvokeInvocationContext.java:73)
	at io.quarkus.arc.impl.AroundInvokeInvocationContext.proceed(AroundInvokeInvocationContext.java:62)
	at io.quarkus.narayana.jta.runtime.interceptor.TransactionalInterceptorBase.invokeInCallerTx(TransactionalInterceptorBase.java:335)
	at io.quarkus.narayana.jta.runtime.interceptor.TransactionalInterceptorRequired.doIntercept(TransactionalInterceptorRequired.java:40)
	at io.quarkus.narayana.jta.runtime.interceptor.TransactionalInterceptorBase.intercept(TransactionalInterceptorBase.java:61)
	at io.quarkus.narayana.jta.runtime.interceptor.TransactionalInterceptorRequired.intercept(TransactionalInterceptorRequired.java:32)
	at io.quarkus.narayana.jta.runtime.interceptor.TransactionalInterceptorRequired_Bean.intercept(Unknown Source)
	at io.quarkus.arc.impl.InterceptorInvocation.invoke(InterceptorInvocation.java:42)
	at io.quarkus.arc.impl.AroundInvokeInvocationContext.perform(AroundInvokeInvocationContext.java:30)
	at io.quarkus.arc.impl.InvocationContexts.performAroundInvoke(InvocationContexts.java:27)
	at org.acme.hercules.repository.UserRepository_Subclass.addUser(Unknown Source)
	at org.acme.hercules.repository.UserRepository_ClientProxy.addUser(Unknown Source)
	at org.acme.hercules.UserRepositoryTest.setUp(UserRepositoryTest.java:40)
	at org.acme.hercules.UserRepositoryTest_Subclass.setUp$$superforward(Unknown Source)
	at org.acme.hercules.UserRepositoryTest_Subclass$$function$$1.apply(Unknown Source)
	at io.quarkus.arc.impl.AroundInvokeInvocationContext.proceed(AroundInvokeInvocationContext.java:73)
	at io.quarkus.arc.impl.AroundInvokeInvocationContext.proceed(AroundInvokeInvocationContext.java:62)
	at io.quarkus.narayana.jta.runtime.interceptor.TransactionalInterceptorBase.invokeInOurTx(TransactionalInterceptorBase.java:136)
	at io.quarkus.narayana.jta.runtime.interceptor.TransactionalInterceptorBase.invokeInOurTx(TransactionalInterceptorBase.java:107)
	at io.quarkus.narayana.jta.runtime.interceptor.TransactionalInterceptorRequired.doIntercept(TransactionalInterceptorRequired.java:38)
	at io.quarkus.narayana.jta.runtime.interceptor.TransactionalInterceptorBase.intercept(TransactionalInterceptorBase.java:61)
	at io.quarkus.narayana.jta.runtime.interceptor.TransactionalInterceptorRequired.intercept(TransactionalInterceptorRequired.java:32)
	at io.quarkus.narayana.jta.runtime.interceptor.TransactionalInterceptorRequired_Bean.intercept(Unknown Source)
	at io.quarkus.arc.impl.InterceptorInvocation.invoke(InterceptorInvocation.java:42)
	at io.quarkus.arc.impl.AroundInvokeInvocationContext.perform(AroundInvokeInvocationContext.java:30)
	at io.quarkus.arc.impl.InvocationContexts.performAroundInvoke(InvocationContexts.java:27)
	at org.acme.hercules.UserRepositoryTest_Subclass.setUp(Unknown Source)
	at java.base/java.lang.reflect.Method.invoke(Method.java:580)
	at io.quarkus.test.junit.QuarkusTestExtension.runExtensionMethod(QuarkusTestExtension.java:1017)
	at io.quarkus.test.junit.QuarkusTestExtension.interceptBeforeEachMethod(QuarkusTestExtension.java:812)
	at java.base/java.util.ArrayList.forEach(ArrayList.java:1597)
	at java.base/java.util.ArrayList.forEach(ArrayList.java:1597)
Caused by: java.sql.SQLException: null,  message from server: "Host 'host.docker.internal' is not allowed to connect to this MySQL server"
	at com.mysql.cj.jdbc.exceptions.SQLError.createSQLException(SQLError.java:130)
	at com.mysql.cj.jdbc.exceptions.SQLExceptionsMapping.translateException(SQLExceptionsMapping.java:122)
	at com.mysql.cj.jdbc.ConnectionImpl.createNewIO(ConnectionImpl.java:815)
	at com.mysql.cj.jdbc.ConnectionImpl.<init>(ConnectionImpl.java:438)
	at com.mysql.cj.jdbc.ConnectionImpl.getInstance(ConnectionImpl.java:241)
	at com.mysql.cj.jdbc.NonRegisteringDriver.connect(NonRegisteringDriver.java:189)
	at io.agroal.pool.ConnectionFactory.createConnection(ConnectionFactory.java:225)
	at io.agroal.pool.ConnectionPool$CreateConnectionTask.call(ConnectionPool.java:580)
	at io.agroal.pool.ConnectionPool$CreateConnectionTask.call(ConnectionPool.java:561)
	at java.base/java.util.concurrent.FutureTask.run(FutureTask.java:317)
	at io.agroal.pool.util.PriorityScheduledExecutor.beforeExecute(PriorityScheduledExecutor.java:75)
	at java.base/java.util.concurrent.ThreadPoolExecutor.runWorker(ThreadPoolExecutor.java:1142)
	at java.base/java.util.concurrent.ThreadPoolExecutor$Worker.run(ThreadPoolExecutor.java:642)
	at java.base/java.lang.Thread.run(Thread.java:1570)
]]></error>
    <system-out><![CDATA[2024-07-29 17:47:49,293 WARN  [io.agr.pool] (agroal-11) Datasource '<default>': null,  message from server: "Host 'host.docker.internal' is not allowed to connect to this MySQL server"
2024-07-29 17:47:49,294 WARN  [org.hib.eng.jdb.spi.SqlExceptionHelper] (main) SQL Error: 1130, SQLState: HY000
2024-07-29 17:47:49,294 ERROR [org.hib.eng.jdb.spi.SqlExceptionHelper] (main) null,  message from server: "Host 'host.docker.internal' is not allowed to connect to this MySQL server"
]]></system-out>
  </testcase>
  <testcase name="testUpdateAndDeleteUser" classname="org.acme.hercules.UserRepositoryTest" time="0.006">
    <error message="Unable to acquire JDBC Connection [null,  message from server: &quot;Host &apos;host.docker.internal&apos; is not allowed to connect to this MySQL server&quot;] [n/a]" type="org.hibernate.exception.GenericJDBCException"><![CDATA[org.hibernate.exception.GenericJDBCException: Unable to acquire JDBC Connection [null,  message from server: "Host 'host.docker.internal' is not allowed to connect to this MySQL server"] [n/a]
	at org.hibernate.exception.internal.StandardSQLExceptionConverter.convert(StandardSQLExceptionConverter.java:63)
	at org.hibernate.engine.jdbc.spi.SqlExceptionHelper.convert(SqlExceptionHelper.java:108)
	at org.hibernate.engine.jdbc.spi.SqlExceptionHelper.convert(SqlExceptionHelper.java:94)
	at org.hibernate.resource.jdbc.internal.LogicalConnectionManagedImpl.acquireConnectionIfNeeded(LogicalConnectionManagedImpl.java:116)
	at org.hibernate.resource.jdbc.internal.LogicalConnectionManagedImpl.getPhysicalConnection(LogicalConnectionManagedImpl.java:143)
	at org.hibernate.engine.jdbc.internal.MutationStatementPreparerImpl.connection(MutationStatementPreparerImpl.java:137)
	at org.hibernate.engine.jdbc.internal.MutationStatementPreparerImpl$2.doPrepare(MutationStatementPreparerImpl.java:61)
	at org.hibernate.engine.jdbc.internal.MutationStatementPreparerImpl$StatementPreparationTemplate.prepareStatement(MutationStatementPreparerImpl.java:106)
	at org.hibernate.engine.jdbc.internal.MutationStatementPreparerImpl.prepareStatement(MutationStatementPreparerImpl.java:63)
	at org.hibernate.id.insert.GetGeneratedKeysDelegate.prepareStatement(GetGeneratedKeysDelegate.java:95)
	at org.hibernate.engine.jdbc.mutation.internal.ModelMutationHelper.delegateStatementPreparation(ModelMutationHelper.java:131)
	at org.hibernate.engine.jdbc.mutation.internal.ModelMutationHelper.lambda$standardPreparation$0(ModelMutationHelper.java:121)
	at org.hibernate.engine.jdbc.mutation.internal.PreparedStatementDetailsStandard.resolveStatement(PreparedStatementDetailsStandard.java:87)
	at org.hibernate.id.insert.GetGeneratedKeysDelegate.performMutation(GetGeneratedKeysDelegate.java:113)
	at org.hibernate.engine.jdbc.mutation.internal.MutationExecutorSingleNonBatched.performNonBatchedOperations(MutationExecutorSingleNonBatched.java:47)
	at org.hibernate.engine.jdbc.mutation.internal.AbstractMutationExecutor.execute(AbstractMutationExecutor.java:55)
	at org.hibernate.persister.entity.mutation.InsertCoordinatorStandard.doStaticInserts(InsertCoordinatorStandard.java:194)
	at org.hibernate.persister.entity.mutation.InsertCoordinatorStandard.coordinateInsert(InsertCoordinatorStandard.java:132)
	at org.hibernate.persister.entity.mutation.InsertCoordinatorStandard.insert(InsertCoordinatorStandard.java:95)
	at org.hibernate.action.internal.EntityIdentityInsertAction.execute(EntityIdentityInsertAction.java:85)
	at org.hibernate.engine.spi.ActionQueue.execute(ActionQueue.java:670)
	at org.hibernate.engine.spi.ActionQueue.addResolvedEntityInsertAction(ActionQueue.java:291)
	at org.hibernate.engine.spi.ActionQueue.addInsertAction(ActionQueue.java:272)
	at org.hibernate.engine.spi.ActionQueue.addAction(ActionQueue.java:322)
	at org.hibernate.event.internal.AbstractSaveEventListener.addInsertAction(AbstractSaveEventListener.java:391)
	at org.hibernate.event.internal.AbstractSaveEventListener.performSaveOrReplicate(AbstractSaveEventListener.java:305)
	at org.hibernate.event.internal.AbstractSaveEventListener.performSave(AbstractSaveEventListener.java:224)
	at org.hibernate.event.internal.AbstractSaveEventListener.saveWithGeneratedId(AbstractSaveEventListener.java:137)
	at org.hibernate.event.internal.DefaultPersistEventListener.entityIsTransient(DefaultPersistEventListener.java:175)
	at org.hibernate.event.internal.DefaultPersistEventListener.persist(DefaultPersistEventListener.java:93)
	at org.hibernate.event.internal.DefaultPersistEventListener.onPersist(DefaultPersistEventListener.java:77)
	at org.hibernate.event.internal.DefaultPersistEventListener.onPersist(DefaultPersistEventListener.java:54)
	at org.hibernate.event.service.internal.EventListenerGroupImpl.fireEventOnEachListener(EventListenerGroupImpl.java:127)
	at org.hibernate.internal.SessionImpl.firePersist(SessionImpl.java:757)
	at org.hibernate.internal.SessionImpl.persist(SessionImpl.java:741)
	at io.quarkus.hibernate.orm.runtime.session.TransactionScopedSession.persist(TransactionScopedSession.java:146)
	at org.hibernate.engine.spi.SessionLazyDelegator.persist(SessionLazyDelegator.java:282)
	at org.hibernate.Session_OpdLahisOZ9nWRPXMsEFQmQU03A_Synthetic_ClientProxy.persist(Unknown Source)
	at io.quarkus.hibernate.orm.panache.common.runtime.AbstractJpaOperations.persist(AbstractJpaOperations.java:101)
	at io.quarkus.hibernate.orm.panache.common.runtime.AbstractJpaOperations.persist(AbstractJpaOperations.java:96)
	at io.quarkus.hibernate.orm.panache.PanacheRepositoryBase.persist(PanacheRepositoryBase.java:54)
	at org.acme.hercules.repository.UserRepository.addUser(UserRepository.java:12)
	at org.acme.hercules.repository.UserRepository_Subclass.addUser$$superforward(Unknown Source)
	at org.acme.hercules.repository.UserRepository_Subclass$$function$$2.apply(Unknown Source)
	at io.quarkus.arc.impl.AroundInvokeInvocationContext.proceed(AroundInvokeInvocationContext.java:73)
	at io.quarkus.arc.impl.AroundInvokeInvocationContext.proceed(AroundInvokeInvocationContext.java:62)
	at io.quarkus.narayana.jta.runtime.interceptor.TransactionalInterceptorBase.invokeInCallerTx(TransactionalInterceptorBase.java:335)
	at io.quarkus.narayana.jta.runtime.interceptor.TransactionalInterceptorRequired.doIntercept(TransactionalInterceptorRequired.java:40)
	at io.quarkus.narayana.jta.runtime.interceptor.TransactionalInterceptorBase.intercept(TransactionalInterceptorBase.java:61)
	at io.quarkus.narayana.jta.runtime.interceptor.TransactionalInterceptorRequired.intercept(TransactionalInterceptorRequired.java:32)
	at io.quarkus.narayana.jta.runtime.interceptor.TransactionalInterceptorRequired_Bean.intercept(Unknown Source)
	at io.quarkus.arc.impl.InterceptorInvocation.invoke(InterceptorInvocation.java:42)
	at io.quarkus.arc.impl.AroundInvokeInvocationContext.perform(AroundInvokeInvocationContext.java:30)
	at io.quarkus.arc.impl.InvocationContexts.performAroundInvoke(InvocationContexts.java:27)
	at org.acme.hercules.repository.UserRepository_Subclass.addUser(Unknown Source)
	at org.acme.hercules.repository.UserRepository_ClientProxy.addUser(Unknown Source)
	at org.acme.hercules.UserRepositoryTest.setUp(UserRepositoryTest.java:40)
	at org.acme.hercules.UserRepositoryTest_Subclass.setUp$$superforward(Unknown Source)
	at org.acme.hercules.UserRepositoryTest_Subclass$$function$$1.apply(Unknown Source)
	at io.quarkus.arc.impl.AroundInvokeInvocationContext.proceed(AroundInvokeInvocationContext.java:73)
	at io.quarkus.arc.impl.AroundInvokeInvocationContext.proceed(AroundInvokeInvocationContext.java:62)
	at io.quarkus.narayana.jta.runtime.interceptor.TransactionalInterceptorBase.invokeInOurTx(TransactionalInterceptorBase.java:136)
	at io.quarkus.narayana.jta.runtime.interceptor.TransactionalInterceptorBase.invokeInOurTx(TransactionalInterceptorBase.java:107)
	at io.quarkus.narayana.jta.runtime.interceptor.TransactionalInterceptorRequired.doIntercept(TransactionalInterceptorRequired.java:38)
	at io.quarkus.narayana.jta.runtime.interceptor.TransactionalInterceptorBase.intercept(TransactionalInterceptorBase.java:61)
	at io.quarkus.narayana.jta.runtime.interceptor.TransactionalInterceptorRequired.intercept(TransactionalInterceptorRequired.java:32)
	at io.quarkus.narayana.jta.runtime.interceptor.TransactionalInterceptorRequired_Bean.intercept(Unknown Source)
	at io.quarkus.arc.impl.InterceptorInvocation.invoke(InterceptorInvocation.java:42)
	at io.quarkus.arc.impl.AroundInvokeInvocationContext.perform(AroundInvokeInvocationContext.java:30)
	at io.quarkus.arc.impl.InvocationContexts.performAroundInvoke(InvocationContexts.java:27)
	at org.acme.hercules.UserRepositoryTest_Subclass.setUp(Unknown Source)
	at java.base/java.lang.reflect.Method.invoke(Method.java:580)
	at io.quarkus.test.junit.QuarkusTestExtension.runExtensionMethod(QuarkusTestExtension.java:1017)
	at io.quarkus.test.junit.QuarkusTestExtension.interceptBeforeEachMethod(QuarkusTestExtension.java:812)
	at java.base/java.util.ArrayList.forEach(ArrayList.java:1597)
	at java.base/java.util.ArrayList.forEach(ArrayList.java:1597)
Caused by: java.sql.SQLException: null,  message from server: "Host 'host.docker.internal' is not allowed to connect to this MySQL server"
	at com.mysql.cj.jdbc.exceptions.SQLError.createSQLException(SQLError.java:130)
	at com.mysql.cj.jdbc.exceptions.SQLExceptionsMapping.translateException(SQLExceptionsMapping.java:122)
	at com.mysql.cj.jdbc.ConnectionImpl.createNewIO(ConnectionImpl.java:815)
	at com.mysql.cj.jdbc.ConnectionImpl.<init>(ConnectionImpl.java:438)
	at com.mysql.cj.jdbc.ConnectionImpl.getInstance(ConnectionImpl.java:241)
	at com.mysql.cj.jdbc.NonRegisteringDriver.connect(NonRegisteringDriver.java:189)
	at io.agroal.pool.ConnectionFactory.createConnection(ConnectionFactory.java:225)
	at io.agroal.pool.ConnectionPool$CreateConnectionTask.call(ConnectionPool.java:580)
	at io.agroal.pool.ConnectionPool$CreateConnectionTask.call(ConnectionPool.java:561)
	at java.base/java.util.concurrent.FutureTask.run(FutureTask.java:317)
	at io.agroal.pool.util.PriorityScheduledExecutor.beforeExecute(PriorityScheduledExecutor.java:75)
	at java.base/java.util.concurrent.ThreadPoolExecutor.runWorker(ThreadPoolExecutor.java:1142)
	at java.base/java.util.concurrent.ThreadPoolExecutor$Worker.run(ThreadPoolExecutor.java:642)
	at java.base/java.lang.Thread.run(Thread.java:1570)
]]></error>
    <system-out><![CDATA[2024-07-29 17:47:49,309 WARN  [io.agr.pool] (agroal-11) Datasource '<default>': null,  message from server: "Host 'host.docker.internal' is not allowed to connect to this MySQL server"
2024-07-29 17:47:49,310 WARN  [org.hib.eng.jdb.spi.SqlExceptionHelper] (main) SQL Error: 1130, SQLState: HY000
2024-07-29 17:47:49,310 ERROR [org.hib.eng.jdb.spi.SqlExceptionHelper] (main) null,  message from server: "Host 'host.docker.internal' is not allowed to connect to this MySQL server"
]]></system-out>
  </testcase>
</testsuite>